2024/11/13 02:14:59 [error] [exception.CException] CException: Alias "srbac.SrbacModule" is invalid. Make sure it points to an existing PHP file and the file is readable. in C:\xampp\htdocs\yiiclinic\framework\YiiBase.php:330
Stack trace:
#0 C:\xampp\htdocs\yiiclinic\framework\YiiBase.php(204): YiiBase::import('srbac.SrbacModu...', true)
#1 C:\xampp\htdocs\yiiclinic\framework\base\CModule.php(282): YiiBase::createComponent(Array, 'srbac', NULL, Array)
#2 C:\xampp\htdocs\yiiclinic\framework\web\CWebApplication.php(337): CModule->getModule('srbac')
#3 C:\xampp\htdocs\yiiclinic\framework\web\CWebApplication.php(276): CWebApplication->createController('')
#4 C:\xampp\htdocs\yiiclinic\framework\web\CWebApplication.php(141): CWebApplication->runController('srbac')
#5 C:\xampp\htdocs\yiiclinic\framework\base\CApplication.php(185): CWebApplication->processRequest()
#6 C:\xampp\htdocs\yiiclinic\index.php(13): CApplication->run()
#7 {main}
REQUEST_URI=/yiiclinic/index.php?r=srbac
---
2024/11/13 02:15:45 [error] [exception.CException] CException: Alias "srbac.SrbacModule" is invalid. Make sure it points to an existing PHP file and the file is readable. in C:\xampp\htdocs\yiiclinic\framework\YiiBase.php:330
Stack trace:
#0 C:\xampp\htdocs\yiiclinic\framework\YiiBase.php(204): YiiBase::import('srbac.SrbacModu...', true)
#1 C:\xampp\htdocs\yiiclinic\framework\base\CModule.php(282): YiiBase::createComponent(Array, 'srbac', NULL, Array)
#2 C:\xampp\htdocs\yiiclinic\framework\web\CWebApplication.php(337): CModule->getModule('srbac')
#3 C:\xampp\htdocs\yiiclinic\framework\web\CWebApplication.php(276): CWebApplication->createController('')
#4 C:\xampp\htdocs\yiiclinic\framework\web\CWebApplication.php(141): CWebApplication->runController('srbac')
#5 C:\xampp\htdocs\yiiclinic\framework\base\CApplication.php(185): CWebApplication->processRequest()
#6 C:\xampp\htdocs\yiiclinic\index.php(13): CApplication->run()
#7 {main}
REQUEST_URI=/yiiclinic/index.php?r=srbac
---
2024/11/13 02:15:47 [error] [exception.CException] CException: Alias "srbac.SrbacModule" is invalid. Make sure it points to an existing PHP file and the file is readable. in C:\xampp\htdocs\yiiclinic\framework\YiiBase.php:330
Stack trace:
#0 C:\xampp\htdocs\yiiclinic\framework\YiiBase.php(204): YiiBase::import('srbac.SrbacModu...', true)
#1 C:\xampp\htdocs\yiiclinic\framework\base\CModule.php(282): YiiBase::createComponent(Array, 'srbac', NULL, Array)
#2 C:\xampp\htdocs\yiiclinic\framework\web\CWebApplication.php(337): CModule->getModule('srbac')
#3 C:\xampp\htdocs\yiiclinic\framework\web\CWebApplication.php(276): CWebApplication->createController('')
#4 C:\xampp\htdocs\yiiclinic\framework\web\CWebApplication.php(141): CWebApplication->runController('srbac')
#5 C:\xampp\htdocs\yiiclinic\framework\base\CApplication.php(185): CWebApplication->processRequest()
#6 C:\xampp\htdocs\yiiclinic\index.php(13): CApplication->run()
#7 {main}
REQUEST_URI=/yiiclinic/index.php?r=srbac
---
2024/11/13 02:15:49 [error] [exception.CException] CException: Alias "srbac.SrbacModule" is invalid. Make sure it points to an existing PHP file and the file is readable. in C:\xampp\htdocs\yiiclinic\framework\YiiBase.php:330
Stack trace:
#0 C:\xampp\htdocs\yiiclinic\framework\YiiBase.php(204): YiiBase::import('srbac.SrbacModu...', true)
#1 C:\xampp\htdocs\yiiclinic\framework\base\CModule.php(282): YiiBase::createComponent(Array, 'srbac', NULL, Array)
#2 C:\xampp\htdocs\yiiclinic\framework\web\CWebApplication.php(337): CModule->getModule('srbac')
#3 C:\xampp\htdocs\yiiclinic\framework\web\CWebApplication.php(276): CWebApplication->createController('')
#4 C:\xampp\htdocs\yiiclinic\framework\web\CWebApplication.php(141): CWebApplication->runController('srbac')
#5 C:\xampp\htdocs\yiiclinic\framework\base\CApplication.php(185): CWebApplication->processRequest()
#6 C:\xampp\htdocs\yiiclinic\index.php(13): CApplication->run()
#7 {main}
REQUEST_URI=/yiiclinic/index.php?r=srbac
---
2024/11/13 02:15:59 [error] [exception.CException] CException: Alias "srbac.SrbacModule" is invalid. Make sure it points to an existing PHP file and the file is readable. in C:\xampp\htdocs\yiiclinic\framework\YiiBase.php:330
Stack trace:
#0 C:\xampp\htdocs\yiiclinic\framework\YiiBase.php(204): YiiBase::import('srbac.SrbacModu...', true)
#1 C:\xampp\htdocs\yiiclinic\framework\base\CModule.php(282): YiiBase::createComponent(Array, 'srbac', NULL, Array)
#2 C:\xampp\htdocs\yiiclinic\framework\web\CWebApplication.php(337): CModule->getModule('srbac')
#3 C:\xampp\htdocs\yiiclinic\framework\web\CWebApplication.php(276): CWebApplication->createController('')
#4 C:\xampp\htdocs\yiiclinic\framework\web\CWebApplication.php(141): CWebApplication->runController('srbac')
#5 C:\xampp\htdocs\yiiclinic\framework\base\CApplication.php(185): CWebApplication->processRequest()
#6 C:\xampp\htdocs\yiiclinic\index.php(13): CApplication->run()
#7 {main}
REQUEST_URI=/yiiclinic/index.php?r=srbac
---
2024/11/13 02:16:19 [error] [exception.CException] CException: Alias "srbac.SrbacModule" is invalid. Make sure it points to an existing PHP file and the file is readable. in C:\xampp\htdocs\yiiclinic\framework\YiiBase.php:330
Stack trace:
#0 C:\xampp\htdocs\yiiclinic\framework\YiiBase.php(204): YiiBase::import('srbac.SrbacModu...', true)
#1 C:\xampp\htdocs\yiiclinic\framework\base\CModule.php(282): YiiBase::createComponent(Array, 'srbac', NULL, Array)
#2 C:\xampp\htdocs\yiiclinic\framework\web\CWebApplication.php(337): CModule->getModule('srbac')
#3 C:\xampp\htdocs\yiiclinic\framework\web\CWebApplication.php(276): CWebApplication->createController('')
#4 C:\xampp\htdocs\yiiclinic\framework\web\CWebApplication.php(141): CWebApplication->runController('srbac')
#5 C:\xampp\htdocs\yiiclinic\framework\base\CApplication.php(185): CWebApplication->processRequest()
#6 C:\xampp\htdocs\yiiclinic\index.php(13): CApplication->run()
#7 {main}
REQUEST_URI=/yiiclinic/index.php?r=srbac
---
2024/11/13 02:16:21 [error] [exception.CException] CException: Alias "srbac.SrbacModule" is invalid. Make sure it points to an existing PHP file and the file is readable. in C:\xampp\htdocs\yiiclinic\framework\YiiBase.php:330
Stack trace:
#0 C:\xampp\htdocs\yiiclinic\framework\YiiBase.php(204): YiiBase::import('srbac.SrbacModu...', true)
#1 C:\xampp\htdocs\yiiclinic\framework\base\CModule.php(282): YiiBase::createComponent(Array, 'srbac', NULL, Array)
#2 C:\xampp\htdocs\yiiclinic\framework\web\CWebApplication.php(337): CModule->getModule('srbac')
#3 C:\xampp\htdocs\yiiclinic\framework\web\CWebApplication.php(276): CWebApplication->createController('')
#4 C:\xampp\htdocs\yiiclinic\framework\web\CWebApplication.php(141): CWebApplication->runController('srbac')
#5 C:\xampp\htdocs\yiiclinic\framework\base\CApplication.php(185): CWebApplication->processRequest()
#6 C:\xampp\htdocs\yiiclinic\index.php(13): CApplication->run()
#7 {main}
REQUEST_URI=/yiiclinic/index.php?r=srbac
---
2024/11/13 02:16:26 [error] [exception.CException] CException: Alias "srbac.SrbacModule" is invalid. Make sure it points to an existing PHP file and the file is readable. in C:\xampp\htdocs\yiiclinic\framework\YiiBase.php:330
Stack trace:
#0 C:\xampp\htdocs\yiiclinic\framework\YiiBase.php(204): YiiBase::import('srbac.SrbacModu...', true)
#1 C:\xampp\htdocs\yiiclinic\framework\base\CModule.php(282): YiiBase::createComponent(Array, 'srbac', NULL, Array)
#2 C:\xampp\htdocs\yiiclinic\framework\web\CWebApplication.php(337): CModule->getModule('srbac')
#3 C:\xampp\htdocs\yiiclinic\framework\web\CWebApplication.php(276): CWebApplication->createController('')
#4 C:\xampp\htdocs\yiiclinic\framework\web\CWebApplication.php(141): CWebApplication->runController('srbac')
#5 C:\xampp\htdocs\yiiclinic\framework\base\CApplication.php(185): CWebApplication->processRequest()
#6 C:\xampp\htdocs\yiiclinic\index.php(13): CApplication->run()
#7 {main}
REQUEST_URI=/yiiclinic/index.php?r=srbac
---
2024/11/13 02:18:27 [error] [exception.Error] Error: Class 'User' not found in C:\xampp\htdocs\yiiclinic\protected\modules\srbac\SrbacModule.php:277
Stack trace:
#0 C:\xampp\htdocs\yiiclinic\protected\modules\srbac\views\authitem\tabViews\roleToUser.php(41): SrbacModule->getUserModel()
#1 C:\xampp\htdocs\yiiclinic\framework\web\CBaseController.php(126): require('C:\\xampp\\htdocs...')
#2 C:\xampp\htdocs\yiiclinic\framework\web\CBaseController.php(95): CBaseController->renderInternal('C:\\xampp\\htdocs...', Array, true)
#3 C:\xampp\htdocs\yiiclinic\framework\web\CController.php(872): CBaseController->renderFile('C:\\xampp\\htdocs...', Array, true)
#4 C:\xampp\htdocs\yiiclinic\framework\web\widgets\CTabView.php(217): CController->renderPartial('tabViews/roleTo...', Array)
#5 C:\xampp\htdocs\yiiclinic\framework\web\widgets\CTabView.php(149): CTabView->renderBody()
#6 C:\xampp\htdocs\yiiclinic\framework\web\CBaseController.php(182): CTabView->run()
#7 C:\xampp\htdocs\yiiclinic\protected\modules\srbac\views\authitem\assign.php(56): CBaseController->widget('system.web.widg...', Array)
#8 C:\xampp\htdocs\yiiclinic\framework\web\CBaseController.php(126): require('C:\\xampp\\htdocs...')
#9 C:\xampp\htdocs\yiiclinic\framework\web\CBaseController.php(95): CBaseController->renderInternal('C:\\xampp\\htdocs...', Array, true)
#10 C:\xampp\htdocs\yiiclinic\framework\web\CController.php(872): CBaseController->renderFile('C:\\xampp\\htdocs...', Array, true)
#11 C:\xampp\htdocs\yiiclinic\framework\web\CController.php(785): CController->renderPartial('assign', Array, true)
#12 C:\xampp\htdocs\yiiclinic\protected\modules\srbac\controllers\AuthitemController.php(220): CController->render('assign', Array)
#13 C:\xampp\htdocs\yiiclinic\framework\web\actions\CInlineAction.php(49): AuthitemController->actionAssign()
#14 C:\xampp\htdocs\yiiclinic\framework\web\CController.php(308): CInlineAction->runWithParams(Array)
#15 C:\xampp\htdocs\yiiclinic\framework\web\CController.php(286): CController->runAction(Object(CInlineAction))
#16 C:\xampp\htdocs\yiiclinic\framework\web\CController.php(265): CController->runActionWithFilters(Object(CInlineAction), Array)
#17 C:\xampp\htdocs\yiiclinic\framework\web\CWebApplication.php(282): CController->run('assign')
#18 C:\xampp\htdocs\yiiclinic\framework\web\CWebApplication.php(141): CWebApplication->runController('srbac/authitem/...')
#19 C:\xampp\htdocs\yiiclinic\framework\base\CApplication.php(185): CWebApplication->processRequest()
#20 C:\xampp\htdocs\yiiclinic\index.php(13): CApplication->run()
#21 {main}
REQUEST_URI=/yiiclinic/index.php?r=srbac/authitem/assign
HTTP_REFERER=http://localhost/yiiclinic/index.php?r=srbac/authitem/manage
---
2024/11/13 02:18:37 [error] [exception.Error] Error: Class 'User' not found in C:\xampp\htdocs\yiiclinic\protected\modules\srbac\SrbacModule.php:277
Stack trace:
#0 C:\xampp\htdocs\yiiclinic\protected\modules\srbac\views\authitem\assignments.php(40): SrbacModule->getUserModel()
#1 C:\xampp\htdocs\yiiclinic\framework\web\CBaseController.php(126): require('C:\\xampp\\htdocs...')
#2 C:\xampp\htdocs\yiiclinic\framework\web\CBaseController.php(95): CBaseController->renderInternal('C:\\xampp\\htdocs...', Array, true)
#3 C:\xampp\htdocs\yiiclinic\framework\web\CController.php(872): CBaseController->renderFile('C:\\xampp\\htdocs...', Array, true)
#4 C:\xampp\htdocs\yiiclinic\framework\web\CController.php(785): CController->renderPartial('assignments', Array, true)
#5 C:\xampp\htdocs\yiiclinic\protected\modules\srbac\controllers\AuthitemController.php(627): CController->render('assignments', Array)
#6 C:\xampp\htdocs\yiiclinic\framework\web\actions\CInlineAction.php(49): AuthitemController->actionAssignments()
#7 C:\xampp\htdocs\yiiclinic\framework\web\CController.php(308): CInlineAction->runWithParams(Array)
#8 C:\xampp\htdocs\yiiclinic\framework\web\CController.php(286): CController->runAction(Object(CInlineAction))
#9 C:\xampp\htdocs\yiiclinic\framework\web\CController.php(265): CController->runActionWithFilters(Object(CInlineAction), Array)
#10 C:\xampp\htdocs\yiiclinic\framework\web\CWebApplication.php(282): CController->run('assignments')
#11 C:\xampp\htdocs\yiiclinic\framework\web\CWebApplication.php(141): CWebApplication->runController('srbac/authitem/...')
#12 C:\xampp\htdocs\yiiclinic\framework\base\CApplication.php(185): CWebApplication->processRequest()
#13 C:\xampp\htdocs\yiiclinic\index.php(13): CApplication->run()
#14 {main}
REQUEST_URI=/yiiclinic/index.php?r=srbac/authitem/assignments
HTTP_REFERER=http://localhost/yiiclinic/index.php?r=srbac/authitem/manage
---
2024/11/13 02:20:44 [error] [exception.Error] Error: Class 'User' not found in C:\xampp\htdocs\yiiclinic\protected\modules\srbac\SrbacModule.php:277
Stack trace:
#0 C:\xampp\htdocs\yiiclinic\protected\modules\srbac\views\authitem\tabViews\roleToUser.php(41): SrbacModule->getUserModel()
#1 C:\xampp\htdocs\yiiclinic\framework\web\CBaseController.php(126): require('C:\\xampp\\htdocs...')
#2 C:\xampp\htdocs\yiiclinic\framework\web\CBaseController.php(95): CBaseController->renderInternal('C:\\xampp\\htdocs...', Array, true)
#3 C:\xampp\htdocs\yiiclinic\framework\web\CController.php(872): CBaseController->renderFile('C:\\xampp\\htdocs...', Array, true)
#4 C:\xampp\htdocs\yiiclinic\framework\web\widgets\CTabView.php(217): CController->renderPartial('tabViews/roleTo...', Array)
#5 C:\xampp\htdocs\yiiclinic\framework\web\widgets\CTabView.php(149): CTabView->renderBody()
#6 C:\xampp\htdocs\yiiclinic\framework\web\CBaseController.php(182): CTabView->run()
#7 C:\xampp\htdocs\yiiclinic\protected\modules\srbac\views\authitem\assign.php(56): CBaseController->widget('system.web.widg...', Array)
#8 C:\xampp\htdocs\yiiclinic\framework\web\CBaseController.php(126): require('C:\\xampp\\htdocs...')
#9 C:\xampp\htdocs\yiiclinic\framework\web\CBaseController.php(95): CBaseController->renderInternal('C:\\xampp\\htdocs...', Array, true)
#10 C:\xampp\htdocs\yiiclinic\framework\web\CController.php(872): CBaseController->renderFile('C:\\xampp\\htdocs...', Array, true)
#11 C:\xampp\htdocs\yiiclinic\framework\web\CController.php(785): CController->renderPartial('assign', Array, true)
#12 C:\xampp\htdocs\yiiclinic\protected\modules\srbac\controllers\AuthitemController.php(220): CController->render('assign', Array)
#13 C:\xampp\htdocs\yiiclinic\framework\web\actions\CInlineAction.php(49): AuthitemController->actionAssign()
#14 C:\xampp\htdocs\yiiclinic\framework\web\CController.php(308): CInlineAction->runWithParams(Array)
#15 C:\xampp\htdocs\yiiclinic\framework\web\CController.php(286): CController->runAction(Object(CInlineAction))
#16 C:\xampp\htdocs\yiiclinic\framework\web\CController.php(265): CController->runActionWithFilters(Object(CInlineAction), Array)
#17 C:\xampp\htdocs\yiiclinic\framework\web\CWebApplication.php(282): CController->run('assign')
#18 C:\xampp\htdocs\yiiclinic\framework\web\CWebApplication.php(141): CWebApplication->runController('srbac/authitem/...')
#19 C:\xampp\htdocs\yiiclinic\framework\base\CApplication.php(185): CWebApplication->processRequest()
#20 C:\xampp\htdocs\yiiclinic\index.php(13): CApplication->run()
#21 {main}
REQUEST_URI=/yiiclinic/index.php?r=srbac/authitem/assign
HTTP_REFERER=http://localhost/yiiclinic/index.php?r=srbac/authitem/frontpage
---
2024/11/13 02:58:14 [error] [exception.Error] Error: Class 'User' not found in C:\xampp\htdocs\yiiclinic\protected\modules\srbac\SrbacModule.php:277
Stack trace:
#0 C:\xampp\htdocs\yiiclinic\protected\modules\srbac\views\authitem\tabViews\roleToUser.php(41): SrbacModule->getUserModel()
#1 C:\xampp\htdocs\yiiclinic\framework\web\CBaseController.php(126): require('C:\\xampp\\htdocs...')
#2 C:\xampp\htdocs\yiiclinic\framework\web\CBaseController.php(95): CBaseController->renderInternal('C:\\xampp\\htdocs...', Array, true)
#3 C:\xampp\htdocs\yiiclinic\framework\web\CController.php(872): CBaseController->renderFile('C:\\xampp\\htdocs...', Array, true)
#4 C:\xampp\htdocs\yiiclinic\framework\web\widgets\CTabView.php(217): CController->renderPartial('tabViews/roleTo...', Array)
#5 C:\xampp\htdocs\yiiclinic\framework\web\widgets\CTabView.php(149): CTabView->renderBody()
#6 C:\xampp\htdocs\yiiclinic\framework\web\CBaseController.php(182): CTabView->run()
#7 C:\xampp\htdocs\yiiclinic\protected\modules\srbac\views\authitem\assign.php(56): CBaseController->widget('system.web.widg...', Array)
#8 C:\xampp\htdocs\yiiclinic\framework\web\CBaseController.php(126): require('C:\\xampp\\htdocs...')
#9 C:\xampp\htdocs\yiiclinic\framework\web\CBaseController.php(95): CBaseController->renderInternal('C:\\xampp\\htdocs...', Array, true)
#10 C:\xampp\htdocs\yiiclinic\framework\web\CController.php(872): CBaseController->renderFile('C:\\xampp\\htdocs...', Array, true)
#11 C:\xampp\htdocs\yiiclinic\framework\web\CController.php(785): CController->renderPartial('assign', Array, true)
#12 C:\xampp\htdocs\yiiclinic\protected\modules\srbac\controllers\AuthitemController.php(220): CController->render('assign', Array)
#13 C:\xampp\htdocs\yiiclinic\framework\web\actions\CInlineAction.php(49): AuthitemController->actionAssign()
#14 C:\xampp\htdocs\yiiclinic\framework\web\CController.php(308): CInlineAction->runWithParams(Array)
#15 C:\xampp\htdocs\yiiclinic\framework\web\CController.php(286): CController->runAction(Object(CInlineAction))
#16 C:\xampp\htdocs\yiiclinic\framework\web\CController.php(265): CController->runActionWithFilters(Object(CInlineAction), Array)
#17 C:\xampp\htdocs\yiiclinic\framework\web\CWebApplication.php(282): CController->run('assign')
#18 C:\xampp\htdocs\yiiclinic\framework\web\CWebApplication.php(141): CWebApplication->runController('srbac/authitem/...')
#19 C:\xampp\htdocs\yiiclinic\framework\base\CApplication.php(185): CWebApplication->processRequest()
#20 C:\xampp\htdocs\yiiclinic\index.php(13): CApplication->run()
#21 {main}
REQUEST_URI=/yiiclinic/index.php?r=srbac/authitem/assign
HTTP_REFERER=http://localhost/yiiclinic/index.php?r=srbac/authitem/manage
---
2024/11/13 09:07:54 [error] [exception.Error] Error: Class 'User' not found in C:\xampp\htdocs\yiiclinic\protected\modules\srbac\SrbacModule.php:277
Stack trace:
#0 C:\xampp\htdocs\yiiclinic\protected\modules\srbac\views\authitem\tabViews\roleToUser.php(41): SrbacModule->getUserModel()
#1 C:\xampp\htdocs\yiiclinic\framework\web\CBaseController.php(126): require('C:\\xampp\\htdocs...')
#2 C:\xampp\htdocs\yiiclinic\framework\web\CBaseController.php(95): CBaseController->renderInternal('C:\\xampp\\htdocs...', Array, true)
#3 C:\xampp\htdocs\yiiclinic\framework\web\CController.php(872): CBaseController->renderFile('C:\\xampp\\htdocs...', Array, true)
#4 C:\xampp\htdocs\yiiclinic\framework\web\widgets\CTabView.php(217): CController->renderPartial('tabViews/roleTo...', Array)
#5 C:\xampp\htdocs\yiiclinic\framework\web\widgets\CTabView.php(149): CTabView->renderBody()
#6 C:\xampp\htdocs\yiiclinic\framework\web\CBaseController.php(182): CTabView->run()
#7 C:\xampp\htdocs\yiiclinic\protected\modules\srbac\views\authitem\assign.php(56): CBaseController->widget('system.web.widg...', Array)
#8 C:\xampp\htdocs\yiiclinic\framework\web\CBaseController.php(126): require('C:\\xampp\\htdocs...')
#9 C:\xampp\htdocs\yiiclinic\framework\web\CBaseController.php(95): CBaseController->renderInternal('C:\\xampp\\htdocs...', Array, true)
#10 C:\xampp\htdocs\yiiclinic\framework\web\CController.php(872): CBaseController->renderFile('C:\\xampp\\htdocs...', Array, true)
#11 C:\xampp\htdocs\yiiclinic\framework\web\CController.php(785): CController->renderPartial('assign', Array, true)
#12 C:\xampp\htdocs\yiiclinic\protected\modules\srbac\controllers\AuthitemController.php(220): CController->render('assign', Array)
#13 C:\xampp\htdocs\yiiclinic\framework\web\actions\CInlineAction.php(49): AuthitemController->actionAssign()
#14 C:\xampp\htdocs\yiiclinic\framework\web\CController.php(308): CInlineAction->runWithParams(Array)
#15 C:\xampp\htdocs\yiiclinic\framework\web\CController.php(286): CController->runAction(Object(CInlineAction))
#16 C:\xampp\htdocs\yiiclinic\framework\web\CController.php(265): CController->runActionWithFilters(Object(CInlineAction), Array)
#17 C:\xampp\htdocs\yiiclinic\framework\web\CWebApplication.php(282): CController->run('assign')
#18 C:\xampp\htdocs\yiiclinic\framework\web\CWebApplication.php(141): CWebApplication->runController('srbac/authitem/...')
#19 C:\xampp\htdocs\yiiclinic\framework\base\CApplication.php(185): CWebApplication->processRequest()
#20 C:\xampp\htdocs\yiiclinic\index.php(13): CApplication->run()
#21 {main}
REQUEST_URI=/yiiclinic/index.php?r=srbac/authitem/assign
HTTP_REFERER=http://localhost/yiiclinic/index.php?r=srbac/authitem/manage
---
2024/11/13 09:07:59 [error] [exception.Error] Error: Class 'User' not found in C:\xampp\htdocs\yiiclinic\protected\modules\srbac\SrbacModule.php:277
Stack trace:
#0 C:\xampp\htdocs\yiiclinic\protected\modules\srbac\views\authitem\assignments.php(40): SrbacModule->getUserModel()
#1 C:\xampp\htdocs\yiiclinic\framework\web\CBaseController.php(126): require('C:\\xampp\\htdocs...')
#2 C:\xampp\htdocs\yiiclinic\framework\web\CBaseController.php(95): CBaseController->renderInternal('C:\\xampp\\htdocs...', Array, true)
#3 C:\xampp\htdocs\yiiclinic\framework\web\CController.php(872): CBaseController->renderFile('C:\\xampp\\htdocs...', Array, true)
#4 C:\xampp\htdocs\yiiclinic\framework\web\CController.php(785): CController->renderPartial('assignments', Array, true)
#5 C:\xampp\htdocs\yiiclinic\protected\modules\srbac\controllers\AuthitemController.php(627): CController->render('assignments', Array)
#6 C:\xampp\htdocs\yiiclinic\framework\web\actions\CInlineAction.php(49): AuthitemController->actionAssignments()
#7 C:\xampp\htdocs\yiiclinic\framework\web\CController.php(308): CInlineAction->runWithParams(Array)
#8 C:\xampp\htdocs\yiiclinic\framework\web\CController.php(286): CController->runAction(Object(CInlineAction))
#9 C:\xampp\htdocs\yiiclinic\framework\web\CController.php(265): CController->runActionWithFilters(Object(CInlineAction), Array)
#10 C:\xampp\htdocs\yiiclinic\framework\web\CWebApplication.php(282): CController->run('assignments')
#11 C:\xampp\htdocs\yiiclinic\framework\web\CWebApplication.php(141): CWebApplication->runController('srbac/authitem/...')
#12 C:\xampp\htdocs\yiiclinic\framework\base\CApplication.php(185): CWebApplication->processRequest()
#13 C:\xampp\htdocs\yiiclinic\index.php(13): CApplication->run()
#14 {main}
REQUEST_URI=/yiiclinic/index.php?r=srbac/authitem/assignments
HTTP_REFERER=http://localhost/yiiclinic/index.php?r=srbac/authitem/manage
---
2024/11/13 10:08:07 [error] [php] Undefined variable: list (C:\xampp\htdocs\yiiclinic\protected\modules\srbac\components\Helper.php:541)
Stack trace:
#0 C:\xampp\htdocs\yiiclinic\protected\modules\srbac\controllers\AuthitemController.php(59): getAllusers()
#1 unknown(0): AuthitemController->actionGetUsers()
#2 C:\xampp\htdocs\yiiclinic\framework\web\actions\CAction.php(114): ReflectionMethod->invokeArgs()
#3 C:\xampp\htdocs\yiiclinic\framework\web\actions\CInlineAction.php(47): CInlineAction->runWithParamsInternal()
#4 C:\xampp\htdocs\yiiclinic\framework\web\CController.php(308): CInlineAction->runWithParams()
#5 C:\xampp\htdocs\yiiclinic\framework\web\CController.php(286): AuthitemController->runAction()
#6 C:\xampp\htdocs\yiiclinic\framework\web\CController.php(265): AuthitemController->runActionWithFilters()
#7 C:\xampp\htdocs\yiiclinic\framework\web\CWebApplication.php(282): AuthitemController->run()
#8 C:\xampp\htdocs\yiiclinic\framework\web\CWebApplication.php(141): CWebApplication->runController()
#9 C:\xampp\htdocs\yiiclinic\framework\base\CApplication.php(185): CWebApplication->processRequest()
#10 C:\xampp\htdocs\yiiclinic\index.php(13): CWebApplication->run()
REQUEST_URI=/yiiclinic/index.php?r=srbac/authitem/getUsers&term=ad
in C:\xampp\htdocs\yiiclinic\protected\modules\srbac\components\Helper.php (541)
in C:\xampp\htdocs\yiiclinic\protected\modules\srbac\controllers\AuthitemController.php (59)
in C:\xampp\htdocs\yiiclinic\index.php (13)
2024/11/13 10:08:08 [error] [php] Undefined variable: list (C:\xampp\htdocs\yiiclinic\protected\modules\srbac\components\Helper.php:541)
Stack trace:
#0 C:\xampp\htdocs\yiiclinic\protected\modules\srbac\controllers\AuthitemController.php(59): getAllusers()
#1 unknown(0): AuthitemController->actionGetUsers()
#2 C:\xampp\htdocs\yiiclinic\framework\web\actions\CAction.php(114): ReflectionMethod->invokeArgs()
#3 C:\xampp\htdocs\yiiclinic\framework\web\actions\CInlineAction.php(47): CInlineAction->runWithParamsInternal()
#4 C:\xampp\htdocs\yiiclinic\framework\web\CController.php(308): CInlineAction->runWithParams()
#5 C:\xampp\htdocs\yiiclinic\framework\web\CController.php(286): AuthitemController->runAction()
#6 C:\xampp\htdocs\yiiclinic\framework\web\CController.php(265): AuthitemController->runActionWithFilters()
#7 C:\xampp\htdocs\yiiclinic\framework\web\CWebApplication.php(282): AuthitemController->run()
#8 C:\xampp\htdocs\yiiclinic\framework\web\CWebApplication.php(141): CWebApplication->runController()
#9 C:\xampp\htdocs\yiiclinic\framework\base\CApplication.php(185): CWebApplication->processRequest()
#10 C:\xampp\htdocs\yiiclinic\index.php(13): CWebApplication->run()
REQUEST_URI=/yiiclinic/index.php?r=srbac/authitem/getUsers&term=admin
in C:\xampp\htdocs\yiiclinic\protected\modules\srbac\components\Helper.php (541)
in C:\xampp\htdocs\yiiclinic\protected\modules\srbac\controllers\AuthitemController.php (59)
in C:\xampp\htdocs\yiiclinic\index.php (13)
2024/11/13 10:08:14 [error] [php] Undefined variable: list (C:\xampp\htdocs\yiiclinic\protected\modules\srbac\components\Helper.php:541)
Stack trace:
#0 C:\xampp\htdocs\yiiclinic\protected\modules\srbac\controllers\AuthitemController.php(59): getAllusers()
#1 unknown(0): AuthitemController->actionGetUsers()
#2 C:\xampp\htdocs\yiiclinic\framework\web\actions\CAction.php(114): ReflectionMethod->invokeArgs()
#3 C:\xampp\htdocs\yiiclinic\framework\web\actions\CInlineAction.php(47): CInlineAction->runWithParamsInternal()
#4 C:\xampp\htdocs\yiiclinic\framework\web\CController.php(308): CInlineAction->runWithParams()
#5 C:\xampp\htdocs\yiiclinic\framework\web\CController.php(286): AuthitemController->runAction()
#6 C:\xampp\htdocs\yiiclinic\framework\web\CController.php(265): AuthitemController->runActionWithFilters()
#7 C:\xampp\htdocs\yiiclinic\framework\web\CWebApplication.php(282): AuthitemController->run()
#8 C:\xampp\htdocs\yiiclinic\framework\web\CWebApplication.php(141): CWebApplication->runController()
#9 C:\xampp\htdocs\yiiclinic\framework\base\CApplication.php(185): CWebApplication->processRequest()
#10 C:\xampp\htdocs\yiiclinic\index.php(13): CWebApplication->run()
REQUEST_URI=/yiiclinic/index.php?r=srbac/authitem/getUsers&term=admin
in C:\xampp\htdocs\yiiclinic\protected\modules\srbac\components\Helper.php (541)
in C:\xampp\htdocs\yiiclinic\protected\modules\srbac\controllers\AuthitemController.php (59)
in C:\xampp\htdocs\yiiclinic\index.php (13)
2024/11/13 10:41:53 [error] [exception.CException] CException: Property "CWebUser.user" is not defined. in C:\xampp\htdocs\yiiclinic\framework\base\CComponent.php:172
Stack trace:
#0 C:\xampp\htdocs\yiiclinic\framework\web\auth\CWebUser.php(161): CComponent->__set('user', Array)
#1 C:\xampp\htdocs\yiiclinic\framework\YiiBase.php(227): CWebUser->__set('user', Array)
#2 C:\xampp\htdocs\yiiclinic\framework\base\CModule.php(393): YiiBase::createComponent(Array)
#3 C:\xampp\htdocs\yiiclinic\framework\base\CModule.php(103): CModule->getComponent('user')
#4 C:\xampp\htdocs\yiiclinic\protected\views\layouts\main.php(35): CModule->__get('user')
#5 C:\xampp\htdocs\yiiclinic\framework\web\CBaseController.php(126): require('C:\\xampp\\htdocs...')
#6 C:\xampp\htdocs\yiiclinic\framework\web\CBaseController.php(95): CBaseController->renderInternal('C:\\xampp\\htdocs...', Array, true)
#7 C:\xampp\htdocs\yiiclinic\framework\web\widgets\CContentDecorator.php(76): CBaseController->renderFile('C:\\xampp\\htdocs...', Array, true)
#8 C:\xampp\htdocs\yiiclinic\framework\web\widgets\CContentDecorator.php(54): CContentDecorator->decorate('<div id="conten...')
#9 C:\xampp\htdocs\yiiclinic\framework\web\widgets\COutputProcessor.php(44): CContentDecorator->processOutput('<div id="conten...')
#10 C:\xampp\htdocs\yiiclinic\framework\web\CBaseController.php(215): COutputProcessor->run()
#11 C:\xampp\htdocs\yiiclinic\framework\web\CBaseController.php(309): CBaseController->endWidget('CContentDecorat...')
#12 C:\xampp\htdocs\yiiclinic\protected\views\layouts\column1.php(6): CBaseController->endContent()
#13 C:\xampp\htdocs\yiiclinic\framework\web\CBaseController.php(126): require('C:\\xampp\\htdocs...')
#14 C:\xampp\htdocs\yiiclinic\framework\web\CBaseController.php(95): CBaseController->renderInternal('C:\\xampp\\htdocs...', Array, true)
#15 C:\xampp\htdocs\yiiclinic\framework\web\CController.php(787): CBaseController->renderFile('C:\\xampp\\htdocs...', Array, true)
#16 C:\xampp\htdocs\yiiclinic\protected\controllers\SiteController.php(97): CController->render('login', Array)
#17 C:\xampp\htdocs\yiiclinic\framework\web\actions\CInlineAction.php(49): SiteController->actionLogin()
#18 C:\xampp\htdocs\yiiclinic\framework\web\CController.php(308): CInlineAction->runWithParams(Array)
#19 C:\xampp\htdocs\yiiclinic\framework\web\CController.php(286): CController->runAction(Object(CInlineAction))
#20 C:\xampp\htdocs\yiiclinic\framework\web\CController.php(265): CController->runActionWithFilters(Object(CInlineAction), Array)
#21 C:\xampp\htdocs\yiiclinic\framework\web\CWebApplication.php(282): CController->run('')
#22 C:\xampp\htdocs\yiiclinic\framework\web\CWebApplication.php(141): CWebApplication->runController('')
#23 C:\xampp\htdocs\yiiclinic\framework\base\CApplication.php(185): CWebApplication->processRequest()
#24 C:\xampp\htdocs\yiiclinic\index.php(13): CApplication->run()
#25 {main}
REQUEST_URI=/yiiclinic/index.php
---
2024/11/13 10:50:09 [error] [exception.CHttpException.404] CHttpException: Unable to resolve the request "pembayaran/index". in C:\xampp\htdocs\yiiclinic\framework\web\CWebApplication.php:286
Stack trace:
#0 C:\xampp\htdocs\yiiclinic\framework\web\CWebApplication.php(141): CWebApplication->runController('pembayaran/inde...')
#1 C:\xampp\htdocs\yiiclinic\framework\base\CApplication.php(185): CWebApplication->processRequest()
#2 C:\xampp\htdocs\yiiclinic\index.php(13): CApplication->run()
#3 {main}
REQUEST_URI=/yiiclinic/index.php?r=pembayaran/index
HTTP_REFERER=http://localhost/yiiclinic/index.php?r=site/index
---
2024/11/13 11:05:47 [error] [php] Undefined variable: list (C:\xampp\htdocs\yiiclinic\protected\modules\srbac\components\Helper.php:541)
Stack trace:
#0 C:\xampp\htdocs\yiiclinic\protected\modules\srbac\controllers\AuthitemController.php(59): getAllusers()
#1 unknown(0): AuthitemController->actionGetUsers()
#2 C:\xampp\htdocs\yiiclinic\framework\web\actions\CAction.php(114): ReflectionMethod->invokeArgs()
#3 C:\xampp\htdocs\yiiclinic\framework\web\actions\CInlineAction.php(47): CInlineAction->runWithParamsInternal()
#4 C:\xampp\htdocs\yiiclinic\framework\web\CController.php(308): CInlineAction->runWithParams()
#5 C:\xampp\htdocs\yiiclinic\framework\web\CController.php(286): AuthitemController->runAction()
#6 C:\xampp\htdocs\yiiclinic\framework\web\CController.php(265): AuthitemController->runActionWithFilters()
#7 C:\xampp\htdocs\yiiclinic\framework\web\CWebApplication.php(282): AuthitemController->run()
#8 C:\xampp\htdocs\yiiclinic\framework\web\CWebApplication.php(141): CWebApplication->runController()
#9 C:\xampp\htdocs\yiiclinic\framework\base\CApplication.php(185): CWebApplication->processRequest()
#10 C:\xampp\htdocs\yiiclinic\index.php(13): CWebApplication->run()
REQUEST_URI=/yiiclinic/index.php?r=srbac/authitem/getUsers&term=Ad
in C:\xampp\htdocs\yiiclinic\protected\modules\srbac\components\Helper.php (541)
in C:\xampp\htdocs\yiiclinic\protected\modules\srbac\controllers\AuthitemController.php (59)
in C:\xampp\htdocs\yiiclinic\index.php (13)
2024/11/13 11:05:48 [error] [php] Undefined variable: list (C:\xampp\htdocs\yiiclinic\protected\modules\srbac\components\Helper.php:541)
Stack trace:
#0 C:\xampp\htdocs\yiiclinic\protected\modules\srbac\controllers\AuthitemController.php(59): getAllusers()
#1 unknown(0): AuthitemController->actionGetUsers()
#2 C:\xampp\htdocs\yiiclinic\framework\web\actions\CAction.php(114): ReflectionMethod->invokeArgs()
#3 C:\xampp\htdocs\yiiclinic\framework\web\actions\CInlineAction.php(47): CInlineAction->runWithParamsInternal()
#4 C:\xampp\htdocs\yiiclinic\framework\web\CController.php(308): CInlineAction->runWithParams()
#5 C:\xampp\htdocs\yiiclinic\framework\web\CController.php(286): AuthitemController->runAction()
#6 C:\xampp\htdocs\yiiclinic\framework\web\CController.php(265): AuthitemController->runActionWithFilters()
#7 C:\xampp\htdocs\yiiclinic\framework\web\CWebApplication.php(282): AuthitemController->run()
#8 C:\xampp\htdocs\yiiclinic\framework\web\CWebApplication.php(141): CWebApplication->runController()
#9 C:\xampp\htdocs\yiiclinic\framework\base\CApplication.php(185): CWebApplication->processRequest()
#10 C:\xampp\htdocs\yiiclinic\index.php(13): CWebApplication->run()
REQUEST_URI=/yiiclinic/index.php?r=srbac/authitem/getUsers&term=Admin
in C:\xampp\htdocs\yiiclinic\protected\modules\srbac\components\Helper.php (541)
in C:\xampp\htdocs\yiiclinic\protected\modules\srbac\controllers\AuthitemController.php (59)
in C:\xampp\htdocs\yiiclinic\index.php (13)
2024/11/13 11:10:00 [error] [exception.CHttpException.404] CHttpException: Unable to resolve the request "pembayaran/index". in C:\xampp\htdocs\yiiclinic\framework\web\CWebApplication.php:286
Stack trace:
#0 C:\xampp\htdocs\yiiclinic\framework\web\CWebApplication.php(141): CWebApplication->runController('pembayaran/inde...')
#1 C:\xampp\htdocs\yiiclinic\framework\base\CApplication.php(185): CWebApplication->processRequest()
#2 C:\xampp\htdocs\yiiclinic\index.php(13): CApplication->run()
#3 {main}
REQUEST_URI=/yiiclinic/index.php?r=pembayaran/index
HTTP_REFERER=http://localhost/yiiclinic/index.php?r=site/index
---
2024/11/13 11:31:28 [warning] [application] Failed to set unsafe attribute "role" of "LoginForm".
in C:\xampp\htdocs\yiiclinic\protected\controllers\SiteController.php (90)
in C:\xampp\htdocs\yiiclinic\index.php (13)
2024/11/13 11:31:37 [warning] [application] Failed to set unsafe attribute "role" of "LoginForm".
in C:\xampp\htdocs\yiiclinic\protected\controllers\SiteController.php (90)
in C:\xampp\htdocs\yiiclinic\index.php (13)
2024/11/13 11:31:48 [warning] [application] Failed to set unsafe attribute "role" of "LoginForm".
in C:\xampp\htdocs\yiiclinic\protected\controllers\SiteController.php (90)
in C:\xampp\htdocs\yiiclinic\index.php (13)
2024/11/13 11:32:18 [warning] [application] Failed to set unsafe attribute "role" of "LoginForm".
in C:\xampp\htdocs\yiiclinic\protected\controllers\SiteController.php (90)
in C:\xampp\htdocs\yiiclinic\index.php (13)
2024/11/13 11:32:42 [warning] [application] Failed to set unsafe attribute "role" of "LoginForm".
in C:\xampp\htdocs\yiiclinic\protected\controllers\SiteController.php (90)
in C:\xampp\htdocs\yiiclinic\index.php (13)
2024/11/13 11:32:42 [error] [exception.CHttpException.404] CHttpException: Unable to resolve the request "petugas/index". in C:\xampp\htdocs\yiiclinic\framework\web\CWebApplication.php:286
Stack trace:
#0 C:\xampp\htdocs\yiiclinic\framework\web\CWebApplication.php(141): CWebApplication->runController('petugas/index')
#1 C:\xampp\htdocs\yiiclinic\framework\base\CApplication.php(185): CWebApplication->processRequest()
#2 C:\xampp\htdocs\yiiclinic\index.php(13): CApplication->run()
#3 {main}
REQUEST_URI=/yiiclinic/index.php?r=petugas/index
HTTP_REFERER=http://localhost/yiiclinic/index.php
---
2024/11/13 11:34:26 [error] [exception.CHttpException.404] CHttpException: Unable to resolve the request "petugas/index". in C:\xampp\htdocs\yiiclinic\framework\web\CWebApplication.php:286
Stack trace:
#0 C:\xampp\htdocs\yiiclinic\framework\web\CWebApplication.php(141): CWebApplication->runController('petugas/index')
#1 C:\xampp\htdocs\yiiclinic\framework\base\CApplication.php(185): CWebApplication->processRequest()
#2 C:\xampp\htdocs\yiiclinic\index.php(13): CApplication->run()
#3 {main}
REQUEST_URI=/yiiclinic/index.php?r=petugas/index
HTTP_REFERER=http://localhost/yiiclinic/index.php
---
2024/11/13 11:34:33 [warning] [application] Failed to set unsafe attribute "role" of "LoginForm".
in C:\xampp\htdocs\yiiclinic\protected\controllers\SiteController.php (90)
in C:\xampp\htdocs\yiiclinic\index.php (13)
2024/11/13 11:34:51 [warning] [application] Failed to set unsafe attribute "role" of "LoginForm".
in C:\xampp\htdocs\yiiclinic\protected\controllers\SiteController.php (90)
in C:\xampp\htdocs\yiiclinic\index.php (13)
2024/11/13 11:34:51 [error] [exception.CHttpException.404] CHttpException: Unable to resolve the request "petugas/index". in C:\xampp\htdocs\yiiclinic\framework\web\CWebApplication.php:286
Stack trace:
#0 C:\xampp\htdocs\yiiclinic\framework\web\CWebApplication.php(141): CWebApplication->runController('petugas/index')
#1 C:\xampp\htdocs\yiiclinic\framework\base\CApplication.php(185): CWebApplication->processRequest()
#2 C:\xampp\htdocs\yiiclinic\index.php(13): CApplication->run()
#3 {main}
REQUEST_URI=/yiiclinic/index.php?r=petugas/index
HTTP_REFERER=http://localhost/yiiclinic/index.php
---
2024/11/13 11:35:12 [warning] [application] Failed to set unsafe attribute "role" of "LoginForm".
in C:\xampp\htdocs\yiiclinic\protected\controllers\SiteController.php (90)
in C:\xampp\htdocs\yiiclinic\index.php (13)
2024/11/13 11:35:30 [warning] [application] Failed to set unsafe attribute "role" of "LoginForm".
in C:\xampp\htdocs\yiiclinic\protected\controllers\SiteController.php (90)
in C:\xampp\htdocs\yiiclinic\index.php (13)
2024/11/13 11:35:30 [error] [exception.CHttpException.404] CHttpException: Unable to resolve the request "petugas/index". in C:\xampp\htdocs\yiiclinic\framework\web\CWebApplication.php:286
Stack trace:
#0 C:\xampp\htdocs\yiiclinic\framework\web\CWebApplication.php(141): CWebApplication->runController('petugas/index')
#1 C:\xampp\htdocs\yiiclinic\framework\base\CApplication.php(185): CWebApplication->processRequest()
#2 C:\xampp\htdocs\yiiclinic\index.php(13): CApplication->run()
#3 {main}
REQUEST_URI=/yiiclinic/index.php?r=petugas/index
HTTP_REFERER=http://localhost/yiiclinic/index.php
---
2024/11/13 11:46:37 [error] [exception.CHttpException.404] CHttpException: Unable to resolve the request "dokter/index". in C:\xampp\htdocs\yiiclinic\framework\web\CWebApplication.php:286
Stack trace:
#0 C:\xampp\htdocs\yiiclinic\framework\web\CWebApplication.php(141): CWebApplication->runController('dokter/index')
#1 C:\xampp\htdocs\yiiclinic\framework\base\CApplication.php(185): CWebApplication->processRequest()
#2 C:\xampp\htdocs\yiiclinic\index.php(13): CApplication->run()
#3 {main}
REQUEST_URI=/yiiclinic/index.php?r=dokter/index
HTTP_REFERER=http://localhost/yiiclinic/index.php?r=site/login
---
2024/11/13 11:47:03 [error] [exception.CHttpException.404] CHttpException: Unable to resolve the request "petugas/index". in C:\xampp\htdocs\yiiclinic\framework\web\CWebApplication.php:286
Stack trace:
#0 C:\xampp\htdocs\yiiclinic\framework\web\CWebApplication.php(141): CWebApplication->runController('petugas/index')
#1 C:\xampp\htdocs\yiiclinic\framework\base\CApplication.php(185): CWebApplication->processRequest()
#2 C:\xampp\htdocs\yiiclinic\index.php(13): CApplication->run()
#3 {main}
REQUEST_URI=/yiiclinic/index.php?r=petugas/index
HTTP_REFERER=http://localhost/yiiclinic/index.php?r=site/login
---
2024/11/13 11:50:30 [error] [exception.CHttpException.404] CHttpException: Unable to resolve the request "petugas/index". in C:\xampp\htdocs\yiiclinic\framework\web\CWebApplication.php:286
Stack trace:
#0 C:\xampp\htdocs\yiiclinic\framework\web\CWebApplication.php(141): CWebApplication->runController('petugas/index')
#1 C:\xampp\htdocs\yiiclinic\framework\base\CApplication.php(185): CWebApplication->processRequest()
#2 C:\xampp\htdocs\yiiclinic\index.php(13): CApplication->run()
#3 {main}
REQUEST_URI=/yiiclinic/index.php?r=petugas/index
HTTP_REFERER=http://localhost/yiiclinic/index.php
---
2024/11/13 11:53:06 [error] [exception.CHttpException.404] CHttpException: Unable to resolve the request "admin/index". in C:\xampp\htdocs\yiiclinic\framework\web\CWebApplication.php:286
Stack trace:
#0 C:\xampp\htdocs\yiiclinic\framework\web\CWebApplication.php(141): CWebApplication->runController('admin/index')
#1 C:\xampp\htdocs\yiiclinic\framework\base\CApplication.php(185): CWebApplication->processRequest()
#2 C:\xampp\htdocs\yiiclinic\index.php(13): CApplication->run()
#3 {main}
REQUEST_URI=/yiiclinic/index.php?r=admin/index
HTTP_REFERER=http://localhost/yiiclinic/index.php
---
2024/11/13 11:53:35 [error] [exception.CHttpException.403] CHttpException: You are not authorized to perform this action. in C:\xampp\htdocs\yiiclinic\framework\web\auth\CAccessControlFilter.php:183
Stack trace:
#0 C:\xampp\htdocs\yiiclinic\framework\web\auth\CAccessControlFilter.php(145): CAccessControlFilter->accessDenied(Object(WebUser), 'You are not aut...')
#1 C:\xampp\htdocs\yiiclinic\framework\web\filters\CFilter.php(38): CAccessControlFilter->preFilter(Object(CFilterChain))
#2 C:\xampp\htdocs\yiiclinic\framework\web\CController.php(1148): CFilter->filter(Object(CFilterChain))
#3 C:\xampp\htdocs\yiiclinic\framework\web\filters\CInlineFilter.php(58): CController->filterAccessControl(Object(CFilterChain))
#4 C:\xampp\htdocs\yiiclinic\framework\web\filters\CFilterChain.php(131): CInlineFilter->filter(Object(CFilterChain))
#5 C:\xampp\htdocs\yiiclinic\framework\web\CController.php(291): CFilterChain->run()
#6 C:\xampp\htdocs\yiiclinic\framework\web\CController.php(265): CController->runActionWithFilters(Object(CInlineAction), Array)
#7 C:\xampp\htdocs\yiiclinic\framework\web\CWebApplication.php(282): CController->run('create')
#8 C:\xampp\htdocs\yiiclinic\framework\web\CWebApplication.php(141): CWebApplication->runController('tindakan/create')
#9 C:\xampp\htdocs\yiiclinic\framework\base\CApplication.php(185): CWebApplication->processRequest()
#10 C:\xampp\htdocs\yiiclinic\index.php(13): CApplication->run()
#11 {main}
REQUEST_URI=/yiiclinic/index.php?r=tindakan/create
HTTP_REFERER=http://localhost/yiiclinic/index.php?r=site/index
---
2024/11/13 11:54:06 [error] [exception.CHttpException.403] CHttpException: You are not authorized to perform this action. in C:\xampp\htdocs\yiiclinic\framework\web\auth\CAccessControlFilter.php:183
Stack trace:
#0 C:\xampp\htdocs\yiiclinic\framework\web\auth\CAccessControlFilter.php(145): CAccessControlFilter->accessDenied(Object(WebUser), 'You are not aut...')
#1 C:\xampp\htdocs\yiiclinic\framework\web\filters\CFilter.php(38): CAccessControlFilter->preFilter(Object(CFilterChain))
#2 C:\xampp\htdocs\yiiclinic\framework\web\CController.php(1148): CFilter->filter(Object(CFilterChain))
#3 C:\xampp\htdocs\yiiclinic\framework\web\filters\CInlineFilter.php(58): CController->filterAccessControl(Object(CFilterChain))
#4 C:\xampp\htdocs\yiiclinic\framework\web\filters\CFilterChain.php(131): CInlineFilter->filter(Object(CFilterChain))
#5 C:\xampp\htdocs\yiiclinic\framework\web\CController.php(291): CFilterChain->run()
#6 C:\xampp\htdocs\yiiclinic\framework\web\CController.php(265): CController->runActionWithFilters(Object(CInlineAction), Array)
#7 C:\xampp\htdocs\yiiclinic\framework\web\CWebApplication.php(282): CController->run('create')
#8 C:\xampp\htdocs\yiiclinic\framework\web\CWebApplication.php(141): CWebApplication->runController('tindakan/create')
#9 C:\xampp\htdocs\yiiclinic\framework\base\CApplication.php(185): CWebApplication->processRequest()
#10 C:\xampp\htdocs\yiiclinic\index.php(13): CApplication->run()
#11 {main}
REQUEST_URI=/yiiclinic/index.php?r=tindakan/create
HTTP_REFERER=http://localhost/yiiclinic/index.php?r=site/index
---
2024/11/13 11:54:30 [error] [exception.CHttpException.404] CHttpException: Unable to resolve the request "petugas/index". in C:\xampp\htdocs\yiiclinic\framework\web\CWebApplication.php:286
Stack trace:
#0 C:\xampp\htdocs\yiiclinic\framework\web\CWebApplication.php(141): CWebApplication->runController('petugas/index')
#1 C:\xampp\htdocs\yiiclinic\framework\base\CApplication.php(185): CWebApplication->processRequest()
#2 C:\xampp\htdocs\yiiclinic\index.php(13): CApplication->run()
#3 {main}
REQUEST_URI=/yiiclinic/index.php?r=petugas/index
HTTP_REFERER=http://localhost/yiiclinic/index.php
---
2024/11/13 11:54:42 [error] [exception.CHttpException.403] CHttpException: You are not authorized to perform this action. in C:\xampp\htdocs\yiiclinic\framework\web\auth\CAccessControlFilter.php:183
Stack trace:
#0 C:\xampp\htdocs\yiiclinic\framework\web\auth\CAccessControlFilter.php(145): CAccessControlFilter->accessDenied(Object(WebUser), 'You are not aut...')
#1 C:\xampp\htdocs\yiiclinic\framework\web\filters\CFilter.php(38): CAccessControlFilter->preFilter(Object(CFilterChain))
#2 C:\xampp\htdocs\yiiclinic\framework\web\CController.php(1148): CFilter->filter(Object(CFilterChain))
#3 C:\xampp\htdocs\yiiclinic\framework\web\filters\CInlineFilter.php(58): CController->filterAccessControl(Object(CFilterChain))
#4 C:\xampp\htdocs\yiiclinic\framework\web\filters\CFilterChain.php(131): CInlineFilter->filter(Object(CFilterChain))
#5 C:\xampp\htdocs\yiiclinic\framework\web\CController.php(291): CFilterChain->run()
#6 C:\xampp\htdocs\yiiclinic\framework\web\CController.php(265): CController->runActionWithFilters(Object(CInlineAction), Array)
#7 C:\xampp\htdocs\yiiclinic\framework\web\CWebApplication.php(282): CController->run('create')
#8 C:\xampp\htdocs\yiiclinic\framework\web\CWebApplication.php(141): CWebApplication->runController('tindakan/create')
#9 C:\xampp\htdocs\yiiclinic\framework\base\CApplication.php(185): CWebApplication->processRequest()
#10 C:\xampp\htdocs\yiiclinic\index.php(13): CApplication->run()
#11 {main}
REQUEST_URI=/yiiclinic/index.php?r=tindakan/create
HTTP_REFERER=http://localhost/yiiclinic/index.php?r=site/index
---
2024/11/13 11:56:43 [error] [exception.CHttpException.404] CHttpException: Unable to resolve the request "admin/index". in C:\xampp\htdocs\yiiclinic\framework\web\CWebApplication.php:286
Stack trace:
#0 C:\xampp\htdocs\yiiclinic\framework\web\CWebApplication.php(141): CWebApplication->runController('admin/index')
#1 C:\xampp\htdocs\yiiclinic\framework\base\CApplication.php(185): CWebApplication->processRequest()
#2 C:\xampp\htdocs\yiiclinic\index.php(13): CApplication->run()
#3 {main}
REQUEST_URI=/yiiclinic/index.php?r=admin/index
HTTP_REFERER=http://localhost/yiiclinic/index.php
---
2024/11/13 12:29:50 [error] [exception.CHttpException.404] CHttpException: Unable to resolve the request "admin/index". in C:\xampp\htdocs\yiiclinic\framework\web\CWebApplication.php:286
Stack trace:
#0 C:\xampp\htdocs\yiiclinic\framework\web\CWebApplication.php(141): CWebApplication->runController('admin/index')
#1 C:\xampp\htdocs\yiiclinic\framework\base\CApplication.php(185): CWebApplication->processRequest()
#2 C:\xampp\htdocs\yiiclinic\index.php(13): CApplication->run()
#3 {main}
REQUEST_URI=/yiiclinic/index.php?r=admin/index
HTTP_REFERER=http://localhost/yiiclinic/index.php?r=site/login
---
2024/11/13 12:34:39 [error] [exception.CHttpException.404] CHttpException: Unable to resolve the request "petugas/index". in C:\xampp\htdocs\yiiclinic\framework\web\CWebApplication.php:286
Stack trace:
#0 C:\xampp\htdocs\yiiclinic\framework\web\CWebApplication.php(141): CWebApplication->runController('petugas/index')
#1 C:\xampp\htdocs\yiiclinic\framework\base\CApplication.php(185): CWebApplication->processRequest()
#2 C:\xampp\htdocs\yiiclinic\index.php(13): CApplication->run()
#3 {main}
REQUEST_URI=/yiiclinic/index.php?r=petugas/index
HTTP_REFERER=http://localhost/yiiclinic/index.php?r=site/login
---
2024/11/13 12:34:47 [error] [exception.CHttpException.403] CHttpException: You are not authorized to perform this action. in C:\xampp\htdocs\yiiclinic\framework\web\auth\CAccessControlFilter.php:183
Stack trace:
#0 C:\xampp\htdocs\yiiclinic\framework\web\auth\CAccessControlFilter.php(145): CAccessControlFilter->accessDenied(Object(WebUser), 'You are not aut...')
#1 C:\xampp\htdocs\yiiclinic\framework\web\filters\CFilter.php(38): CAccessControlFilter->preFilter(Object(CFilterChain))
#2 C:\xampp\htdocs\yiiclinic\framework\web\CController.php(1148): CFilter->filter(Object(CFilterChain))
#3 C:\xampp\htdocs\yiiclinic\framework\web\filters\CInlineFilter.php(58): CController->filterAccessControl(Object(CFilterChain))
#4 C:\xampp\htdocs\yiiclinic\framework\web\filters\CFilterChain.php(131): CInlineFilter->filter(Object(CFilterChain))
#5 C:\xampp\htdocs\yiiclinic\framework\web\CController.php(291): CFilterChain->run()
#6 C:\xampp\htdocs\yiiclinic\framework\web\CController.php(265): CController->runActionWithFilters(Object(CInlineAction), Array)
#7 C:\xampp\htdocs\yiiclinic\framework\web\CWebApplication.php(282): CController->run('admin')
#8 C:\xampp\htdocs\yiiclinic\framework\web\CWebApplication.php(141): CWebApplication->runController('wilayah/admin')
#9 C:\xampp\htdocs\yiiclinic\framework\base\CApplication.php(185): CWebApplication->processRequest()
#10 C:\xampp\htdocs\yiiclinic\index.php(13): CApplication->run()
#11 {main}
REQUEST_URI=/yiiclinic/index.php?r=wilayah/admin
HTTP_REFERER=http://localhost/yiiclinic/index.php?r=site/index
---
2024/11/13 12:35:18 [error] [exception.CHttpException.404] CHttpException: Unable to resolve the request "admin/index". in C:\xampp\htdocs\yiiclinic\framework\web\CWebApplication.php:286
Stack trace:
#0 C:\xampp\htdocs\yiiclinic\framework\web\CWebApplication.php(141): CWebApplication->runController('admin/index')
#1 C:\xampp\htdocs\yiiclinic\framework\base\CApplication.php(185): CWebApplication->processRequest()
#2 C:\xampp\htdocs\yiiclinic\index.php(13): CApplication->run()
#3 {main}
REQUEST_URI=/yiiclinic/index.php?r=admin/index
HTTP_REFERER=http://localhost/yiiclinic/index.php
---
2024/11/13 12:36:24 [error] [exception.CHttpException.404] CHttpException: Unable to resolve the request "pembayaran/index". in C:\xampp\htdocs\yiiclinic\framework\web\CWebApplication.php:286
Stack trace:
#0 C:\xampp\htdocs\yiiclinic\framework\web\CWebApplication.php(141): CWebApplication->runController('pembayaran/inde...')
#1 C:\xampp\htdocs\yiiclinic\framework\base\CApplication.php(185): CWebApplication->processRequest()
#2 C:\xampp\htdocs\yiiclinic\index.php(13): CApplication->run()
#3 {main}
REQUEST_URI=/yiiclinic/index.php?r=pembayaran/index
HTTP_REFERER=http://localhost/yiiclinic/index.php?r=site/index
---
2024/11/13 12:45:59 [error] [exception.CHttpException.403] CHttpException: You are not authorized to perform this action. in C:\xampp\htdocs\yiiclinic\framework\web\auth\CAccessControlFilter.php:183
Stack trace:
#0 C:\xampp\htdocs\yiiclinic\framework\web\auth\CAccessControlFilter.php(145): CAccessControlFilter->accessDenied(Object(WebUser), 'You are not aut...')
#1 C:\xampp\htdocs\yiiclinic\framework\web\filters\CFilter.php(38): CAccessControlFilter->preFilter(Object(CFilterChain))
#2 C:\xampp\htdocs\yiiclinic\framework\web\CController.php(1148): CFilter->filter(Object(CFilterChain))
#3 C:\xampp\htdocs\yiiclinic\framework\web\filters\CInlineFilter.php(58): CController->filterAccessControl(Object(CFilterChain))
#4 C:\xampp\htdocs\yiiclinic\framework\web\filters\CFilterChain.php(131): CInlineFilter->filter(Object(CFilterChain))
#5 C:\xampp\htdocs\yiiclinic\framework\web\CController.php(291): CFilterChain->run()
#6 C:\xampp\htdocs\yiiclinic\framework\web\CController.php(265): CController->runActionWithFilters(Object(CInlineAction), Array)
#7 C:\xampp\htdocs\yiiclinic\framework\web\CWebApplication.php(282): CController->run('admin')
#8 C:\xampp\htdocs\yiiclinic\framework\web\CWebApplication.php(141): CWebApplication->runController('pegawai/admin')
#9 C:\xampp\htdocs\yiiclinic\framework\base\CApplication.php(185): CWebApplication->processRequest()
#10 C:\xampp\htdocs\yiiclinic\index.php(13): CApplication->run()
#11 {main}
REQUEST_URI=/yiiclinic/index.php?r=pegawai/admin
HTTP_REFERER=http://localhost/yiiclinic/index.php?r=site/index
---
2024/11/13 12:46:52 [error] [exception.CException] CException: Property "Pegawai.alamat" is not defined. in C:\xampp\htdocs\yiiclinic\framework\base\CComponent.php:130
Stack trace:
#0 C:\xampp\htdocs\yiiclinic\framework\db\ar\CActiveRecord.php(145): CComponent->__get('alamat')
#1 C:\xampp\htdocs\yiiclinic\framework\web\helpers\CHtml.php(2784): CActiveRecord->__get('alamat')
#2 C:\xampp\htdocs\yiiclinic\framework\web\helpers\CHtml.php(1854): CHtml::resolveValue(Object(Pegawai), 'alamat')
#3 C:\xampp\htdocs\yiiclinic\framework\web\widgets\CActiveForm.php(854): CHtml::activeTextArea(Object(Pegawai), 'alamat', Array)
#4 C:\xampp\htdocs\yiiclinic\protected\views\pegawai\create.php(19): CActiveForm->textArea(Object(Pegawai), 'alamat', Array)
#5 C:\xampp\htdocs\yiiclinic\framework\web\CBaseController.php(126): require('C:\\xampp\\htdocs...')
#6 C:\xampp\htdocs\yiiclinic\framework\web\CBaseController.php(95): CBaseController->renderInternal('C:\\xampp\\htdocs...', Array, true)
#7 C:\xampp\htdocs\yiiclinic\framework\web\CController.php(872): CBaseController->renderFile('C:\\xampp\\htdocs...', Array, true)
#8 C:\xampp\htdocs\yiiclinic\framework\web\CController.php(785): CController->renderPartial('create', Array, true)
#9 C:\xampp\htdocs\yiiclinic\protected\controllers\PegawaiController.php(77): CController->render('create', Array)
#10 C:\xampp\htdocs\yiiclinic\framework\web\actions\CInlineAction.php(49): PegawaiController->actionCreate()
#11 C:\xampp\htdocs\yiiclinic\framework\web\CController.php(308): CInlineAction->runWithParams(Array)
#12 C:\xampp\htdocs\yiiclinic\framework\web\filters\CFilterChain.php(134): CController->runAction(Object(CInlineAction))
#13 C:\xampp\htdocs\yiiclinic\framework\web\filters\CFilter.php(40): CFilterChain->run()
#14 C:\xampp\htdocs\yiiclinic\framework\web\CController.php(1148): CFilter->filter(Object(CFilterChain))
#15 C:\xampp\htdocs\yiiclinic\framework\web\filters\CInlineFilter.php(58): CController->filterAccessControl(Object(CFilterChain))
#16 C:\xampp\htdocs\yiiclinic\framework\web\filters\CFilterChain.php(131): CInlineFilter->filter(Object(CFilterChain))
#17 C:\xampp\htdocs\yiiclinic\framework\web\CController.php(291): CFilterChain->run()
#18 C:\xampp\htdocs\yiiclinic\framework\web\CController.php(265): CController->runActionWithFilters(Object(CInlineAction), Array)
#19 C:\xampp\htdocs\yiiclinic\framework\web\CWebApplication.php(282): CController->run('create')
#20 C:\xampp\htdocs\yiiclinic\framework\web\CWebApplication.php(141): CWebApplication->runController('pegawai/create')
#21 C:\xampp\htdocs\yiiclinic\framework\base\CApplication.php(185): CWebApplication->processRequest()
#22 C:\xampp\htdocs\yiiclinic\index.php(13): CApplication->run()
#23 {main}
REQUEST_URI=/yiiclinic/index.php?r=pegawai/create
HTTP_REFERER=http://localhost/yiiclinic/index.php?r=pegawai/admin
---
2024/11/13 12:47:50 [error] [exception.CException] CException: Property "Pegawai.telepon" is not defined. in C:\xampp\htdocs\yiiclinic\framework\base\CComponent.php:130
Stack trace:
#0 C:\xampp\htdocs\yiiclinic\framework\db\ar\CActiveRecord.php(145): CComponent->__get('telepon')
#1 C:\xampp\htdocs\yiiclinic\framework\web\helpers\CHtml.php(2784): CActiveRecord->__get('telepon')
#2 C:\xampp\htdocs\yiiclinic\framework\web\helpers\CHtml.php(2507): CHtml::resolveValue(Object(Pegawai), 'telepon')
#3 C:\xampp\htdocs\yiiclinic\framework\web\helpers\CHtml.php(1554): CHtml::activeInputField('text', Object(Pegawai), 'telepon', Array)
#4 C:\xampp\htdocs\yiiclinic\framework\web\widgets\CActiveForm.php(793): CHtml::activeTextField(Object(Pegawai), 'telepon', Array)
#5 C:\xampp\htdocs\yiiclinic\protected\views\pegawai\create.php(25): CActiveForm->textField(Object(Pegawai), 'telepon', Array)
#6 C:\xampp\htdocs\yiiclinic\framework\web\CBaseController.php(126): require('C:\\xampp\\htdocs...')
#7 C:\xampp\htdocs\yiiclinic\framework\web\CBaseController.php(95): CBaseController->renderInternal('C:\\xampp\\htdocs...', Array, true)
#8 C:\xampp\htdocs\yiiclinic\framework\web\CController.php(872): CBaseController->renderFile('C:\\xampp\\htdocs...', Array, true)
#9 C:\xampp\htdocs\yiiclinic\framework\web\CController.php(785): CController->renderPartial('create', Array, true)
#10 C:\xampp\htdocs\yiiclinic\protected\controllers\PegawaiController.php(77): CController->render('create', Array)
#11 C:\xampp\htdocs\yiiclinic\framework\web\actions\CInlineAction.php(49): PegawaiController->actionCreate()
#12 C:\xampp\htdocs\yiiclinic\framework\web\CController.php(308): CInlineAction->runWithParams(Array)
#13 C:\xampp\htdocs\yiiclinic\framework\web\filters\CFilterChain.php(134): CController->runAction(Object(CInlineAction))
#14 C:\xampp\htdocs\yiiclinic\framework\web\filters\CFilter.php(40): CFilterChain->run()
#15 C:\xampp\htdocs\yiiclinic\framework\web\CController.php(1148): CFilter->filter(Object(CFilterChain))
#16 C:\xampp\htdocs\yiiclinic\framework\web\filters\CInlineFilter.php(58): CController->filterAccessControl(Object(CFilterChain))
#17 C:\xampp\htdocs\yiiclinic\framework\web\filters\CFilterChain.php(131): CInlineFilter->filter(Object(CFilterChain))
#18 C:\xampp\htdocs\yiiclinic\framework\web\CController.php(291): CFilterChain->run()
#19 C:\xampp\htdocs\yiiclinic\framework\web\CController.php(265): CController->runActionWithFilters(Object(CInlineAction), Array)
#20 C:\xampp\htdocs\yiiclinic\framework\web\CWebApplication.php(282): CController->run('create')
#21 C:\xampp\htdocs\yiiclinic\framework\web\CWebApplication.php(141): CWebApplication->runController('pegawai/create')
#22 C:\xampp\htdocs\yiiclinic\framework\base\CApplication.php(185): CWebApplication->processRequest()
#23 C:\xampp\htdocs\yiiclinic\index.php(13): CApplication->run()
#24 {main}
REQUEST_URI=/yiiclinic/index.php?r=pegawai/create
HTTP_REFERER=http://localhost/yiiclinic/index.php?r=pegawai/admin
---
2024/11/13 12:48:30 [error] [exception.CException] CException: Property "Pegawai.email" is not defined. in C:\xampp\htdocs\yiiclinic\framework\base\CComponent.php:130
Stack trace:
#0 C:\xampp\htdocs\yiiclinic\framework\db\ar\CActiveRecord.php(145): CComponent->__get('email')
#1 C:\xampp\htdocs\yiiclinic\framework\web\helpers\CHtml.php(2784): CActiveRecord->__get('email')
#2 C:\xampp\htdocs\yiiclinic\framework\web\helpers\CHtml.php(2507): CHtml::resolveValue(Object(Pegawai), 'email')
#3 C:\xampp\htdocs\yiiclinic\framework\web\helpers\CHtml.php(1554): CHtml::activeInputField('text', Object(Pegawai), 'email', Array)
#4 C:\xampp\htdocs\yiiclinic\framework\web\widgets\CActiveForm.php(793): CHtml::activeTextField(Object(Pegawai), 'email', Array)
#5 C:\xampp\htdocs\yiiclinic\protected\views\pegawai\create.php(31): CActiveForm->textField(Object(Pegawai), 'email', Array)
#6 C:\xampp\htdocs\yiiclinic\framework\web\CBaseController.php(126): require('C:\\xampp\\htdocs...')
#7 C:\xampp\htdocs\yiiclinic\framework\web\CBaseController.php(95): CBaseController->renderInternal('C:\\xampp\\htdocs...', Array, true)
#8 C:\xampp\htdocs\yiiclinic\framework\web\CController.php(872): CBaseController->renderFile('C:\\xampp\\htdocs...', Array, true)
#9 C:\xampp\htdocs\yiiclinic\framework\web\CController.php(785): CController->renderPartial('create', Array, true)
#10 C:\xampp\htdocs\yiiclinic\protected\controllers\PegawaiController.php(77): CController->render('create', Array)
#11 C:\xampp\htdocs\yiiclinic\framework\web\actions\CInlineAction.php(49): PegawaiController->actionCreate()
#12 C:\xampp\htdocs\yiiclinic\framework\web\CController.php(308): CInlineAction->runWithParams(Array)
#13 C:\xampp\htdocs\yiiclinic\framework\web\filters\CFilterChain.php(134): CController->runAction(Object(CInlineAction))
#14 C:\xampp\htdocs\yiiclinic\framework\web\filters\CFilter.php(40): CFilterChain->run()
#15 C:\xampp\htdocs\yiiclinic\framework\web\CController.php(1148): CFilter->filter(Object(CFilterChain))
#16 C:\xampp\htdocs\yiiclinic\framework\web\filters\CInlineFilter.php(58): CController->filterAccessControl(Object(CFilterChain))
#17 C:\xampp\htdocs\yiiclinic\framework\web\filters\CFilterChain.php(131): CInlineFilter->filter(Object(CFilterChain))
#18 C:\xampp\htdocs\yiiclinic\framework\web\CController.php(291): CFilterChain->run()
#19 C:\xampp\htdocs\yiiclinic\framework\web\CController.php(265): CController->runActionWithFilters(Object(CInlineAction), Array)
#20 C:\xampp\htdocs\yiiclinic\framework\web\CWebApplication.php(282): CController->run('create')
#21 C:\xampp\htdocs\yiiclinic\framework\web\CWebApplication.php(141): CWebApplication->runController('pegawai/create')
#22 C:\xampp\htdocs\yiiclinic\framework\base\CApplication.php(185): CWebApplication->processRequest()
#23 C:\xampp\htdocs\yiiclinic\index.php(13): CApplication->run()
#24 {main}
REQUEST_URI=/yiiclinic/index.php?r=pegawai/create
HTTP_REFERER=http://localhost/yiiclinic/index.php?r=pegawai/admin
---
2024/11/13 12:49:04 [warning] [application] Failed to set unsafe attribute "alamat" of "Pegawai".
in C:\xampp\htdocs\yiiclinic\protected\controllers\PegawaiController.php (69)
in C:\xampp\htdocs\yiiclinic\index.php (13)
2024/11/13 12:49:04 [warning] [application] Failed to set unsafe attribute "telepon" of "Pegawai".
in C:\xampp\htdocs\yiiclinic\protected\controllers\PegawaiController.php (69)
in C:\xampp\htdocs\yiiclinic\index.php (13)
2024/11/13 12:49:04 [warning] [application] Failed to set unsafe attribute "email" of "Pegawai".
in C:\xampp\htdocs\yiiclinic\protected\controllers\PegawaiController.php (69)
in C:\xampp\htdocs\yiiclinic\index.php (13)
2024/11/13 12:49:39 [warning] [application] Failed to set unsafe attribute "alamat" of "Pegawai".
in C:\xampp\htdocs\yiiclinic\protected\controllers\PegawaiController.php (69)
in C:\xampp\htdocs\yiiclinic\index.php (13)
2024/11/13 12:49:39 [warning] [application] Failed to set unsafe attribute "telepon" of "Pegawai".
in C:\xampp\htdocs\yiiclinic\protected\controllers\PegawaiController.php (69)
in C:\xampp\htdocs\yiiclinic\index.php (13)
2024/11/13 12:49:39 [warning] [application] Failed to set unsafe attribute "email" of "Pegawai".
in C:\xampp\htdocs\yiiclinic\protected\controllers\PegawaiController.php (69)
in C:\xampp\htdocs\yiiclinic\index.php (13)
2024/11/13 12:51:32 [warning] [application] Failed to set unsafe attribute "alamat" of "Pegawai".
in C:\xampp\htdocs\yiiclinic\protected\controllers\PegawaiController.php (69)
in C:\xampp\htdocs\yiiclinic\index.php (13)
2024/11/13 12:51:32 [warning] [application] Failed to set unsafe attribute "telepon" of "Pegawai".
in C:\xampp\htdocs\yiiclinic\protected\controllers\PegawaiController.php (69)
in C:\xampp\htdocs\yiiclinic\index.php (13)
2024/11/13 12:51:32 [warning] [application] Failed to set unsafe attribute "email" of "Pegawai".
in C:\xampp\htdocs\yiiclinic\protected\controllers\PegawaiController.php (69)
in C:\xampp\htdocs\yiiclinic\index.php (13)
2024/11/13 13:35:28 [error] [exception.CHttpException.404] CHttpException: Unable to resolve the request "pembayaran/index". in C:\xampp\htdocs\yiiclinic\framework\web\CWebApplication.php:286
Stack trace:
#0 C:\xampp\htdocs\yiiclinic\framework\web\CWebApplication.php(141): CWebApplication->runController('pembayaran/inde...')
#1 C:\xampp\htdocs\yiiclinic\framework\base\CApplication.php(185): CWebApplication->processRequest()
#2 C:\xampp\htdocs\yiiclinic\index.php(13): CApplication->run()
#3 {main}
REQUEST_URI=/yiiclinic/index.php?r=pembayaran/index
HTTP_REFERER=http://localhost/yiiclinic/index.php?r=site/index
---
2024/11/13 13:45:21 [error] [system.db.CDbCommand] CDbCommand::execute() failed: SQLSTATE[23000]: Integrity constraint violation: 1452 Cannot add or update a child row: a foreign key constraint fails (`db_klinik`.`transaksi`, CONSTRAINT `transaksi_ibfk_1` FOREIGN KEY (`pasien_id`) REFERENCES `pasien` (`id`) ON DELETE CASCADE). The SQL statement executed was: INSERT INTO `transaksi` (`pasien_id`, `tanggal`, `total_bayar`) VALUES (:yp0, :yp1, :yp2).
in C:\xampp\htdocs\yiiclinic\protected\controllers\TransaksiController.php (69)
in C:\xampp\htdocs\yiiclinic\index.php (13)
2024/11/13 13:45:21 [error] [exception.CDbException] CDbException: CDbCommand failed to execute the SQL statement: SQLSTATE[23000]: Integrity constraint violation: 1452 Cannot add or update a child row: a foreign key constraint fails (`db_klinik`.`transaksi`, CONSTRAINT `transaksi_ibfk_1` FOREIGN KEY (`pasien_id`) REFERENCES `pasien` (`id`) ON DELETE CASCADE). The SQL statement executed was: INSERT INTO `transaksi` (`pasien_id`, `tanggal`, `total_bayar`) VALUES (:yp0, :yp1, :yp2) in C:\xampp\htdocs\yiiclinic\framework\db\CDbCommand.php:358
Stack trace:
#0 C:\xampp\htdocs\yiiclinic\framework\db\ar\CActiveRecord.php(1083): CDbCommand->execute()
#1 C:\xampp\htdocs\yiiclinic\framework\db\ar\CActiveRecord.php(811): CActiveRecord->insert(NULL)
#2 C:\xampp\htdocs\yiiclinic\protected\controllers\TransaksiController.php(69): CActiveRecord->save()
#3 C:\xampp\htdocs\yiiclinic\framework\web\actions\CInlineAction.php(49): TransaksiController->actionCreate()
#4 C:\xampp\htdocs\yiiclinic\framework\web\CController.php(308): CInlineAction->runWithParams(Array)
#5 C:\xampp\htdocs\yiiclinic\framework\web\filters\CFilterChain.php(134): CController->runAction(Object(CInlineAction))
#6 C:\xampp\htdocs\yiiclinic\framework\web\filters\CFilter.php(40): CFilterChain->run()
#7 C:\xampp\htdocs\yiiclinic\framework\web\CController.php(1148): CFilter->filter(Object(CFilterChain))
#8 C:\xampp\htdocs\yiiclinic\framework\web\filters\CInlineFilter.php(58): CController->filterAccessControl(Object(CFilterChain))
#9 C:\xampp\htdocs\yiiclinic\framework\web\filters\CFilterChain.php(131): CInlineFilter->filter(Object(CFilterChain))
#10 C:\xampp\htdocs\yiiclinic\framework\web\CController.php(291): CFilterChain->run()
#11 C:\xampp\htdocs\yiiclinic\framework\web\CController.php(265): CController->runActionWithFilters(Object(CInlineAction), Array)
#12 C:\xampp\htdocs\yiiclinic\framework\web\CWebApplication.php(282): CController->run('create')
#13 C:\xampp\htdocs\yiiclinic\framework\web\CWebApplication.php(141): CWebApplication->runController('transaksi/creat...')
#14 C:\xampp\htdocs\yiiclinic\framework\base\CApplication.php(185): CWebApplication->processRequest()
#15 C:\xampp\htdocs\yiiclinic\index.php(13): CApplication->run()
#16 {main}
REQUEST_URI=/yiiclinic/index.php?r=transaksi/create
HTTP_REFERER=http://localhost/yiiclinic/index.php?r=transaksi/create
---
2024/11/13 13:58:58 [error] [exception.CHttpException.404] CHttpException: Unable to resolve the request "admin/index". in C:\xampp\htdocs\yiiclinic\framework\web\CWebApplication.php:286
Stack trace:
#0 C:\xampp\htdocs\yiiclinic\framework\web\CWebApplication.php(141): CWebApplication->runController('admin/index')
#1 C:\xampp\htdocs\yiiclinic\framework\base\CApplication.php(185): CWebApplication->processRequest()
#2 C:\xampp\htdocs\yiiclinic\index.php(13): CApplication->run()
#3 {main}
REQUEST_URI=/yiiclinic/index.php?r=admin/index
HTTP_REFERER=http://localhost/yiiclinic/index.php
---
2024/11/13 14:02:50 [error] [exception.CHttpException.404] CHttpException: Unable to resolve the request "petugas/index". in C:\xampp\htdocs\yiiclinic\framework\web\CWebApplication.php:286
Stack trace:
#0 C:\xampp\htdocs\yiiclinic\framework\web\CWebApplication.php(141): CWebApplication->runController('petugas/index')
#1 C:\xampp\htdocs\yiiclinic\framework\base\CApplication.php(185): CWebApplication->processRequest()
#2 C:\xampp\htdocs\yiiclinic\index.php(13): CApplication->run()
#3 {main}
REQUEST_URI=/yiiclinic/index.php?r=petugas/index
HTTP_REFERER=http://localhost/yiiclinic/index.php
---
2024/11/13 14:06:50 [error] [exception.CHttpException.403] CHttpException: You are not authorized to perform this action. in C:\xampp\htdocs\yiiclinic\framework\web\auth\CAccessControlFilter.php:183
Stack trace:
#0 C:\xampp\htdocs\yiiclinic\framework\web\auth\CAccessControlFilter.php(145): CAccessControlFilter->accessDenied(Object(WebUser), 'You are not aut...')
#1 C:\xampp\htdocs\yiiclinic\framework\web\filters\CFilter.php(38): CAccessControlFilter->preFilter(Object(CFilterChain))
#2 C:\xampp\htdocs\yiiclinic\framework\web\CController.php(1148): CFilter->filter(Object(CFilterChain))
#3 C:\xampp\htdocs\yiiclinic\framework\web\filters\CInlineFilter.php(58): CController->filterAccessControl(Object(CFilterChain))
#4 C:\xampp\htdocs\yiiclinic\framework\web\filters\CFilterChain.php(131): CInlineFilter->filter(Object(CFilterChain))
#5 C:\xampp\htdocs\yiiclinic\framework\web\CController.php(291): CFilterChain->run()
#6 C:\xampp\htdocs\yiiclinic\framework\web\CController.php(265): CController->runActionWithFilters(Object(CInlineAction), Array)
#7 C:\xampp\htdocs\yiiclinic\framework\web\CWebApplication.php(282): CController->run('create')
#8 C:\xampp\htdocs\yiiclinic\framework\web\CWebApplication.php(141): CWebApplication->runController('pasien/create')
#9 C:\xampp\htdocs\yiiclinic\framework\base\CApplication.php(185): CWebApplication->processRequest()
#10 C:\xampp\htdocs\yiiclinic\index.php(13): CApplication->run()
#11 {main}
REQUEST_URI=/yiiclinic/index.php?r=pasien/create
HTTP_REFERER=http://localhost/yiiclinic/index.php?r=pasien/index
---
2024/11/13 14:06:53 [error] [exception.CHttpException.403] CHttpException: You are not authorized to perform this action. in C:\xampp\htdocs\yiiclinic\framework\web\auth\CAccessControlFilter.php:183
Stack trace:
#0 C:\xampp\htdocs\yiiclinic\framework\web\auth\CAccessControlFilter.php(145): CAccessControlFilter->accessDenied(Object(WebUser), 'You are not aut...')
#1 C:\xampp\htdocs\yiiclinic\framework\web\filters\CFilter.php(38): CAccessControlFilter->preFilter(Object(CFilterChain))
#2 C:\xampp\htdocs\yiiclinic\framework\web\CController.php(1148): CFilter->filter(Object(CFilterChain))
#3 C:\xampp\htdocs\yiiclinic\framework\web\filters\CInlineFilter.php(58): CController->filterAccessControl(Object(CFilterChain))
#4 C:\xampp\htdocs\yiiclinic\framework\web\filters\CFilterChain.php(131): CInlineFilter->filter(Object(CFilterChain))
#5 C:\xampp\htdocs\yiiclinic\framework\web\CController.php(291): CFilterChain->run()
#6 C:\xampp\htdocs\yiiclinic\framework\web\CController.php(265): CController->runActionWithFilters(Object(CInlineAction), Array)
#7 C:\xampp\htdocs\yiiclinic\framework\web\CWebApplication.php(282): CController->run('index')
#8 C:\xampp\htdocs\yiiclinic\framework\web\CWebApplication.php(141): CWebApplication->runController('pasien/index')
#9 C:\xampp\htdocs\yiiclinic\framework\base\CApplication.php(185): CWebApplication->processRequest()
#10 C:\xampp\htdocs\yiiclinic\index.php(13): CApplication->run()
#11 {main}
REQUEST_URI=/yiiclinic/index.php?r=pasien/index
HTTP_REFERER=http://localhost/yiiclinic/index.php?r=pasien/update&id=3
---
2024/11/13 14:06:56 [error] [exception.CHttpException.403] CHttpException: You are not authorized to perform this action. in C:\xampp\htdocs\yiiclinic\framework\web\auth\CAccessControlFilter.php:183
Stack trace:
#0 C:\xampp\htdocs\yiiclinic\framework\web\auth\CAccessControlFilter.php(145): CAccessControlFilter->accessDenied(Object(WebUser), 'You are not aut...')
#1 C:\xampp\htdocs\yiiclinic\framework\web\filters\CFilter.php(38): CAccessControlFilter->preFilter(Object(CFilterChain))
#2 C:\xampp\htdocs\yiiclinic\framework\web\CController.php(1148): CFilter->filter(Object(CFilterChain))
#3 C:\xampp\htdocs\yiiclinic\framework\web\filters\CInlineFilter.php(58): CController->filterAccessControl(Object(CFilterChain))
#4 C:\xampp\htdocs\yiiclinic\framework\web\filters\CFilterChain.php(131): CInlineFilter->filter(Object(CFilterChain))
#5 C:\xampp\htdocs\yiiclinic\framework\web\CController.php(291): CFilterChain->run()
#6 C:\xampp\htdocs\yiiclinic\framework\web\CController.php(265): CController->runActionWithFilters(Object(CInlineAction), Array)
#7 C:\xampp\htdocs\yiiclinic\framework\web\CWebApplication.php(282): CController->run('update')
#8 C:\xampp\htdocs\yiiclinic\framework\web\CWebApplication.php(141): CWebApplication->runController('pasien/update')
#9 C:\xampp\htdocs\yiiclinic\framework\base\CApplication.php(185): CWebApplication->processRequest()
#10 C:\xampp\htdocs\yiiclinic\index.php(13): CApplication->run()
#11 {main}
REQUEST_URI=/yiiclinic/index.php?r=pasien/update&id=3
HTTP_REFERER=http://localhost/yiiclinic/index.php?r=pasien/view&id=3
---
2024/11/13 14:06:58 [error] [exception.CHttpException.403] CHttpException: You are not authorized to perform this action. in C:\xampp\htdocs\yiiclinic\framework\web\auth\CAccessControlFilter.php:183
Stack trace:
#0 C:\xampp\htdocs\yiiclinic\framework\web\auth\CAccessControlFilter.php(145): CAccessControlFilter->accessDenied(Object(WebUser), 'You are not aut...')
#1 C:\xampp\htdocs\yiiclinic\framework\web\filters\CFilter.php(38): CAccessControlFilter->preFilter(Object(CFilterChain))
#2 C:\xampp\htdocs\yiiclinic\framework\web\CController.php(1148): CFilter->filter(Object(CFilterChain))
#3 C:\xampp\htdocs\yiiclinic\framework\web\filters\CInlineFilter.php(58): CController->filterAccessControl(Object(CFilterChain))
#4 C:\xampp\htdocs\yiiclinic\framework\web\filters\CFilterChain.php(131): CInlineFilter->filter(Object(CFilterChain))
#5 C:\xampp\htdocs\yiiclinic\framework\web\CController.php(291): CFilterChain->run()
#6 C:\xampp\htdocs\yiiclinic\framework\web\CController.php(265): CController->runActionWithFilters(Object(CInlineAction), Array)
#7 C:\xampp\htdocs\yiiclinic\framework\web\CWebApplication.php(282): CController->run('view')
#8 C:\xampp\htdocs\yiiclinic\framework\web\CWebApplication.php(141): CWebApplication->runController('pasien/view')
#9 C:\xampp\htdocs\yiiclinic\framework\base\CApplication.php(185): CWebApplication->processRequest()
#10 C:\xampp\htdocs\yiiclinic\index.php(13): CApplication->run()
#11 {main}
REQUEST_URI=/yiiclinic/index.php?r=pasien/view&id=3
HTTP_REFERER=http://localhost/yiiclinic/index.php?r=pasien/create
---
2024/11/13 14:07:22 [error] [exception.CHttpException.403] CHttpException: You are not authorized to perform this action. in C:\xampp\htdocs\yiiclinic\framework\web\auth\CAccessControlFilter.php:183
Stack trace:
#0 C:\xampp\htdocs\yiiclinic\framework\web\auth\CAccessControlFilter.php(145): CAccessControlFilter->accessDenied(Object(WebUser), 'You are not aut...')
#1 C:\xampp\htdocs\yiiclinic\framework\web\filters\CFilter.php(38): CAccessControlFilter->preFilter(Object(CFilterChain))
#2 C:\xampp\htdocs\yiiclinic\framework\web\CController.php(1148): CFilter->filter(Object(CFilterChain))
#3 C:\xampp\htdocs\yiiclinic\framework\web\filters\CInlineFilter.php(58): CController->filterAccessControl(Object(CFilterChain))
#4 C:\xampp\htdocs\yiiclinic\framework\web\filters\CFilterChain.php(131): CInlineFilter->filter(Object(CFilterChain))
#5 C:\xampp\htdocs\yiiclinic\framework\web\CController.php(291): CFilterChain->run()
#6 C:\xampp\htdocs\yiiclinic\framework\web\CController.php(265): CController->runActionWithFilters(Object(CInlineAction), Array)
#7 C:\xampp\htdocs\yiiclinic\framework\web\CWebApplication.php(282): CController->run('view')
#8 C:\xampp\htdocs\yiiclinic\framework\web\CWebApplication.php(141): CWebApplication->runController('pasien/view')
#9 C:\xampp\htdocs\yiiclinic\framework\base\CApplication.php(185): CWebApplication->processRequest()
#10 C:\xampp\htdocs\yiiclinic\index.php(13): CApplication->run()
#11 {main}
REQUEST_URI=/yiiclinic/index.php?r=pasien/view&id=3
HTTP_REFERER=http://localhost/yiiclinic/index.php?r=pasien/create
---
2024/11/13 14:07:25 [error] [exception.CHttpException.403] CHttpException: You are not authorized to perform this action. in C:\xampp\htdocs\yiiclinic\framework\web\auth\CAccessControlFilter.php:183
Stack trace:
#0 C:\xampp\htdocs\yiiclinic\framework\web\auth\CAccessControlFilter.php(145): CAccessControlFilter->accessDenied(Object(WebUser), 'You are not aut...')
#1 C:\xampp\htdocs\yiiclinic\framework\web\filters\CFilter.php(38): CAccessControlFilter->preFilter(Object(CFilterChain))
#2 C:\xampp\htdocs\yiiclinic\framework\web\CController.php(1148): CFilter->filter(Object(CFilterChain))
#3 C:\xampp\htdocs\yiiclinic\framework\web\filters\CInlineFilter.php(58): CController->filterAccessControl(Object(CFilterChain))
#4 C:\xampp\htdocs\yiiclinic\framework\web\filters\CFilterChain.php(131): CInlineFilter->filter(Object(CFilterChain))
#5 C:\xampp\htdocs\yiiclinic\framework\web\CController.php(291): CFilterChain->run()
#6 C:\xampp\htdocs\yiiclinic\framework\web\CController.php(265): CController->runActionWithFilters(Object(CInlineAction), Array)
#7 C:\xampp\htdocs\yiiclinic\framework\web\CWebApplication.php(282): CController->run('create')
#8 C:\xampp\htdocs\yiiclinic\framework\web\CWebApplication.php(141): CWebApplication->runController('pasien/create')
#9 C:\xampp\htdocs\yiiclinic\framework\base\CApplication.php(185): CWebApplication->processRequest()
#10 C:\xampp\htdocs\yiiclinic\index.php(13): CApplication->run()
#11 {main}
REQUEST_URI=/yiiclinic/index.php?r=pasien/create
HTTP_REFERER=http://localhost/yiiclinic/index.php?r=site/index
---
2024/11/13 14:07:29 [error] [exception.CHttpException.403] CHttpException: You are not authorized to perform this action. in C:\xampp\htdocs\yiiclinic\framework\web\auth\CAccessControlFilter.php:183
Stack trace:
#0 C:\xampp\htdocs\yiiclinic\framework\web\auth\CAccessControlFilter.php(145): CAccessControlFilter->accessDenied(Object(WebUser), 'You are not aut...')
#1 C:\xampp\htdocs\yiiclinic\framework\web\filters\CFilter.php(38): CAccessControlFilter->preFilter(Object(CFilterChain))
#2 C:\xampp\htdocs\yiiclinic\framework\web\CController.php(1148): CFilter->filter(Object(CFilterChain))
#3 C:\xampp\htdocs\yiiclinic\framework\web\filters\CInlineFilter.php(58): CController->filterAccessControl(Object(CFilterChain))
#4 C:\xampp\htdocs\yiiclinic\framework\web\filters\CFilterChain.php(131): CInlineFilter->filter(Object(CFilterChain))
#5 C:\xampp\htdocs\yiiclinic\framework\web\CController.php(291): CFilterChain->run()
#6 C:\xampp\htdocs\yiiclinic\framework\web\CController.php(265): CController->runActionWithFilters(Object(CInlineAction), Array)
#7 C:\xampp\htdocs\yiiclinic\framework\web\CWebApplication.php(282): CController->run('create')
#8 C:\xampp\htdocs\yiiclinic\framework\web\CWebApplication.php(141): CWebApplication->runController('pasien/create')
#9 C:\xampp\htdocs\yiiclinic\framework\base\CApplication.php(185): CWebApplication->processRequest()
#10 C:\xampp\htdocs\yiiclinic\index.php(13): CApplication->run()
#11 {main}
REQUEST_URI=/yiiclinic/index.php?r=pasien/create
HTTP_REFERER=http://localhost/yiiclinic/index.php?r=site/index
---
2024/11/13 14:07:48 [error] [exception.CHttpException.403] CHttpException: You are not authorized to perform this action. in C:\xampp\htdocs\yiiclinic\framework\web\auth\CAccessControlFilter.php:183
Stack trace:
#0 C:\xampp\htdocs\yiiclinic\framework\web\auth\CAccessControlFilter.php(145): CAccessControlFilter->accessDenied(Object(WebUser), 'You are not aut...')
#1 C:\xampp\htdocs\yiiclinic\framework\web\filters\CFilter.php(38): CAccessControlFilter->preFilter(Object(CFilterChain))
#2 C:\xampp\htdocs\yiiclinic\framework\web\CController.php(1148): CFilter->filter(Object(CFilterChain))
#3 C:\xampp\htdocs\yiiclinic\framework\web\filters\CInlineFilter.php(58): CController->filterAccessControl(Object(CFilterChain))
#4 C:\xampp\htdocs\yiiclinic\framework\web\filters\CFilterChain.php(131): CInlineFilter->filter(Object(CFilterChain))
#5 C:\xampp\htdocs\yiiclinic\framework\web\CController.php(291): CFilterChain->run()
#6 C:\xampp\htdocs\yiiclinic\framework\web\CController.php(265): CController->runActionWithFilters(Object(CInlineAction), Array)
#7 C:\xampp\htdocs\yiiclinic\framework\web\CWebApplication.php(282): CController->run('create')
#8 C:\xampp\htdocs\yiiclinic\framework\web\CWebApplication.php(141): CWebApplication->runController('pasien/create')
#9 C:\xampp\htdocs\yiiclinic\framework\base\CApplication.php(185): CWebApplication->processRequest()
#10 C:\xampp\htdocs\yiiclinic\index.php(13): CApplication->run()
#11 {main}
REQUEST_URI=/yiiclinic/index.php?r=pasien/create
HTTP_REFERER=http://localhost/yiiclinic/index.php?r=site/index
---
2024/11/13 14:07:52 [error] [exception.CHttpException.403] CHttpException: You are not authorized to perform this action. in C:\xampp\htdocs\yiiclinic\framework\web\auth\CAccessControlFilter.php:183
Stack trace:
#0 C:\xampp\htdocs\yiiclinic\framework\web\auth\CAccessControlFilter.php(145): CAccessControlFilter->accessDenied(Object(WebUser), 'You are not aut...')
#1 C:\xampp\htdocs\yiiclinic\framework\web\filters\CFilter.php(38): CAccessControlFilter->preFilter(Object(CFilterChain))
#2 C:\xampp\htdocs\yiiclinic\framework\web\CController.php(1148): CFilter->filter(Object(CFilterChain))
#3 C:\xampp\htdocs\yiiclinic\framework\web\filters\CInlineFilter.php(58): CController->filterAccessControl(Object(CFilterChain))
#4 C:\xampp\htdocs\yiiclinic\framework\web\filters\CFilterChain.php(131): CInlineFilter->filter(Object(CFilterChain))
#5 C:\xampp\htdocs\yiiclinic\framework\web\CController.php(291): CFilterChain->run()
#6 C:\xampp\htdocs\yiiclinic\framework\web\CController.php(265): CController->runActionWithFilters(Object(CInlineAction), Array)
#7 C:\xampp\htdocs\yiiclinic\framework\web\CWebApplication.php(282): CController->run('create')
#8 C:\xampp\htdocs\yiiclinic\framework\web\CWebApplication.php(141): CWebApplication->runController('pasien/create')
#9 C:\xampp\htdocs\yiiclinic\framework\base\CApplication.php(185): CWebApplication->processRequest()
#10 C:\xampp\htdocs\yiiclinic\index.php(13): CApplication->run()
#11 {main}
REQUEST_URI=/yiiclinic/index.php?r=pasien/create
HTTP_REFERER=http://localhost/yiiclinic/index.php?r=site/index
---
2024/11/13 14:10:06 [error] [exception.CHttpException.403] CHttpException: You are not authorized to perform this action. in C:\xampp\htdocs\yiiclinic\framework\web\auth\CAccessControlFilter.php:183
Stack trace:
#0 C:\xampp\htdocs\yiiclinic\framework\web\auth\CAccessControlFilter.php(145): CAccessControlFilter->accessDenied(Object(WebUser), 'You are not aut...')
#1 C:\xampp\htdocs\yiiclinic\framework\web\filters\CFilter.php(38): CAccessControlFilter->preFilter(Object(CFilterChain))
#2 C:\xampp\htdocs\yiiclinic\framework\web\CController.php(1148): CFilter->filter(Object(CFilterChain))
#3 C:\xampp\htdocs\yiiclinic\framework\web\filters\CInlineFilter.php(58): CController->filterAccessControl(Object(CFilterChain))
#4 C:\xampp\htdocs\yiiclinic\framework\web\filters\CFilterChain.php(131): CInlineFilter->filter(Object(CFilterChain))
#5 C:\xampp\htdocs\yiiclinic\framework\web\CController.php(291): CFilterChain->run()
#6 C:\xampp\htdocs\yiiclinic\framework\web\CController.php(265): CController->runActionWithFilters(Object(CInlineAction), Array)
#7 C:\xampp\htdocs\yiiclinic\framework\web\CWebApplication.php(282): CController->run('delete')
#8 C:\xampp\htdocs\yiiclinic\framework\web\CWebApplication.php(141): CWebApplication->runController('pasien/delete')
#9 C:\xampp\htdocs\yiiclinic\framework\base\CApplication.php(185): CWebApplication->processRequest()
#10 C:\xampp\htdocs\yiiclinic\index.php(13): CApplication->run()
#11 {main}
REQUEST_URI=/yiiclinic/index.php?r=pasien/delete&id=4
HTTP_REFERER=http://localhost/yiiclinic/index.php?r=pasien/view&id=4
---
2024/11/13 14:10:21 [error] [exception.CHttpException.403] CHttpException: You are not authorized to perform this action. in C:\xampp\htdocs\yiiclinic\framework\web\auth\CAccessControlFilter.php:183
Stack trace:
#0 C:\xampp\htdocs\yiiclinic\framework\web\auth\CAccessControlFilter.php(145): CAccessControlFilter->accessDenied(Object(WebUser), 'You are not aut...')
#1 C:\xampp\htdocs\yiiclinic\framework\web\filters\CFilter.php(38): CAccessControlFilter->preFilter(Object(CFilterChain))
#2 C:\xampp\htdocs\yiiclinic\framework\web\CController.php(1148): CFilter->filter(Object(CFilterChain))
#3 C:\xampp\htdocs\yiiclinic\framework\web\filters\CInlineFilter.php(58): CController->filterAccessControl(Object(CFilterChain))
#4 C:\xampp\htdocs\yiiclinic\framework\web\filters\CFilterChain.php(131): CInlineFilter->filter(Object(CFilterChain))
#5 C:\xampp\htdocs\yiiclinic\framework\web\CController.php(291): CFilterChain->run()
#6 C:\xampp\htdocs\yiiclinic\framework\web\CController.php(265): CController->runActionWithFilters(Object(CInlineAction), Array)
#7 C:\xampp\htdocs\yiiclinic\framework\web\CWebApplication.php(282): CController->run('admin')
#8 C:\xampp\htdocs\yiiclinic\framework\web\CWebApplication.php(141): CWebApplication->runController('pasien/admin')
#9 C:\xampp\htdocs\yiiclinic\framework\base\CApplication.php(185): CWebApplication->processRequest()
#10 C:\xampp\htdocs\yiiclinic\index.php(13): CApplication->run()
#11 {main}
REQUEST_URI=/yiiclinic/index.php?r=pasien/admin
HTTP_REFERER=http://localhost/yiiclinic/index.php?r=pasien/view&id=4
---
2024/11/13 14:10:24 [error] [exception.CHttpException.403] CHttpException: You are not authorized to perform this action. in C:\xampp\htdocs\yiiclinic\framework\web\auth\CAccessControlFilter.php:183
Stack trace:
#0 C:\xampp\htdocs\yiiclinic\framework\web\auth\CAccessControlFilter.php(145): CAccessControlFilter->accessDenied(Object(WebUser), 'You are not aut...')
#1 C:\xampp\htdocs\yiiclinic\framework\web\filters\CFilter.php(38): CAccessControlFilter->preFilter(Object(CFilterChain))
#2 C:\xampp\htdocs\yiiclinic\framework\web\CController.php(1148): CFilter->filter(Object(CFilterChain))
#3 C:\xampp\htdocs\yiiclinic\framework\web\filters\CInlineFilter.php(58): CController->filterAccessControl(Object(CFilterChain))
#4 C:\xampp\htdocs\yiiclinic\framework\web\filters\CFilterChain.php(131): CInlineFilter->filter(Object(CFilterChain))
#5 C:\xampp\htdocs\yiiclinic\framework\web\CController.php(291): CFilterChain->run()
#6 C:\xampp\htdocs\yiiclinic\framework\web\CController.php(265): CController->runActionWithFilters(Object(CInlineAction), Array)
#7 C:\xampp\htdocs\yiiclinic\framework\web\CWebApplication.php(282): CController->run('admin')
#8 C:\xampp\htdocs\yiiclinic\framework\web\CWebApplication.php(141): CWebApplication->runController('pasien/admin')
#9 C:\xampp\htdocs\yiiclinic\framework\base\CApplication.php(185): CWebApplication->processRequest()
#10 C:\xampp\htdocs\yiiclinic\index.php(13): CApplication->run()
#11 {main}
REQUEST_URI=/yiiclinic/index.php?r=pasien/admin
HTTP_REFERER=http://localhost/yiiclinic/index.php?r=pasien/view&id=4
---
2024/11/13 14:10:50 [error] [exception.CHttpException.404] CHttpException: Unable to resolve the request "admin/index". in C:\xampp\htdocs\yiiclinic\framework\web\CWebApplication.php:286
Stack trace:
#0 C:\xampp\htdocs\yiiclinic\framework\web\CWebApplication.php(141): CWebApplication->runController('admin/index')
#1 C:\xampp\htdocs\yiiclinic\framework\base\CApplication.php(185): CWebApplication->processRequest()
#2 C:\xampp\htdocs\yiiclinic\index.php(13): CApplication->run()
#3 {main}
REQUEST_URI=/yiiclinic/index.php?r=admin/index
HTTP_REFERER=http://localhost/yiiclinic/index.php
---
2024/11/13 14:22:36 [warning] [application] Failed to set unsafe attribute "alamat" of "Pegawai".
in C:\xampp\htdocs\yiiclinic\protected\controllers\PegawaiController.php (69)
in C:\xampp\htdocs\yiiclinic\index.php (13)
2024/11/13 14:22:36 [warning] [application] Failed to set unsafe attribute "telepon" of "Pegawai".
in C:\xampp\htdocs\yiiclinic\protected\controllers\PegawaiController.php (69)
in C:\xampp\htdocs\yiiclinic\index.php (13)
2024/11/13 14:22:36 [warning] [application] Failed to set unsafe attribute "email" of "Pegawai".
in C:\xampp\htdocs\yiiclinic\protected\controllers\PegawaiController.php (69)
in C:\xampp\htdocs\yiiclinic\index.php (13)
2024/11/13 14:26:12 [warning] [application] Failed to set unsafe attribute "alamat" of "Pegawai".
in C:\xampp\htdocs\yiiclinic\protected\controllers\PegawaiController.php (69)
in C:\xampp\htdocs\yiiclinic\index.php (13)
2024/11/13 14:26:12 [warning] [application] Failed to set unsafe attribute "telepon" of "Pegawai".
in C:\xampp\htdocs\yiiclinic\protected\controllers\PegawaiController.php (69)
in C:\xampp\htdocs\yiiclinic\index.php (13)
2024/11/13 14:26:12 [warning] [application] Failed to set unsafe attribute "email" of "Pegawai".
in C:\xampp\htdocs\yiiclinic\protected\controllers\PegawaiController.php (69)
in C:\xampp\htdocs\yiiclinic\index.php (13)
